Mar 25, 2025 11:51:59 PM seedu.internsprint.InternSprint run
INFO: Starting InternSprint
Mar 25, 2025 11:51:59 PM seedu.internsprint.InternSprint runCommandLoopUntilExitCommand
INFO: Loading internships from storage
Mar 25, 2025 11:51:59 PM seedu.internsprint.handler.StorageHandler loadInternships
INFO: Beginning process to load internships from file ...
Mar 25, 2025 11:51:59 PM seedu.internsprint.handler.StorageHandler loadInternships
INFO: Successfully extracted internships as JSON objects from file
Mar 25, 2025 11:51:59 PM seedu.internsprint.handler.StorageHandler loadInternships
INFO: Successfully added internships from file to internship list in app
Mar 25, 2025 11:51:59 PM seedu.internsprint.command.CommandResult <init>
INFO: One line of feedback provided to user...
Mar 25, 2025 11:51:59 PM seedu.internsprint.InternSprint runCommandLoopUntilExitCommand
INFO: Internships loaded successfully
Mar 25, 2025 11:52:35 PM seedu.internsprint.command.AddCommand execute
INFO: Executing add command
Mar 25, 2025 11:52:35 PM seedu.internsprint.command.AddSoftwareCommand createInternship
INFO: Creating Software Internship
Mar 25, 2025 11:52:35 PM seedu.internsprint.command.CommandResult <init>
INFO: One line of feedback provided to user...
Mar 25, 2025 11:52:35 PM seedu.internsprint.command.AddGeneralCommand createInternship
INFO: Creating General Internship
Mar 25, 2025 11:52:35 PM seedu.internsprint.command.AddGeneralCommand createInternship
INFO: Creating General Internship
Mar 25, 2025 11:52:35 PM seedu.internsprint.command.AddGeneralCommand createInternship
INFO: Creating General Internship
Mar 25, 2025 11:52:35 PM seedu.internsprint.command.AddGeneralCommand createInternship
INFO: Creating General Internship
Mar 25, 2025 11:52:35 PM seedu.internsprint.command.AddGeneralCommand createInternship
INFO: Creating General Internship
Mar 25, 2025 11:52:35 PM seedu.internsprint.command.AddGeneralCommand createInternship
INFO: Creating General Internship
Mar 25, 2025 11:52:35 PM seedu.internsprint.command.AddGeneralCommand createInternship
INFO: Creating General Internship
Mar 25, 2025 11:52:35 PM seedu.internsprint.command.AddGeneralCommand createInternship
INFO: Creating General Internship
Mar 25, 2025 11:52:35 PM seedu.internsprint.command.AddGeneralCommand createInternship
INFO: Creating General Internship
Mar 25, 2025 11:52:35 PM seedu.internsprint.command.AddGeneralCommand createInternship
INFO: Creating General Internship
Mar 25, 2025 11:52:35 PM seedu.internsprint.command.AddGeneralCommand createInternship
INFO: Creating General Internship
Mar 25, 2025 11:52:35 PM seedu.internsprint.command.AddGeneralCommand createInternship
INFO: Creating General Internship
Mar 25, 2025 11:52:35 PM seedu.internsprint.command.AddGeneralCommand createInternship
INFO: Creating General Internship
Mar 25, 2025 11:52:35 PM seedu.internsprint.command.AddHardwareCommand createInternship
INFO: Creating Hardware Internship
Mar 25, 2025 11:52:35 PM seedu.internsprint.command.AddHardwareCommand createInternship
INFO: Creating Hardware Internship
Mar 25, 2025 11:52:35 PM seedu.internsprint.command.AddHardwareCommand createInternship
INFO: Creating Hardware Internship
Mar 25, 2025 11:52:35 PM seedu.internsprint.command.AddHardwareCommand createInternship
INFO: Creating Hardware Internship
Mar 25, 2025 11:52:35 PM seedu.internsprint.command.AddHardwareCommand createInternship
INFO: Creating Hardware Internship
Mar 25, 2025 11:52:35 PM seedu.internsprint.command.AddSoftwareCommand createInternship
INFO: Creating Software Internship
Mar 25, 2025 11:52:35 PM seedu.internsprint.command.AddSoftwareCommand createInternship
INFO: Creating Software Internship
Mar 25, 2025 11:52:35 PM seedu.internsprint.command.AddSoftwareCommand createInternship
INFO: Creating Software Internship
Mar 25, 2025 11:52:35 PM seedu.internsprint.command.AddSoftwareCommand createInternship
INFO: Creating Software Internship
Mar 25, 2025 11:52:35 PM seedu.internsprint.command.AddSoftwareCommand createInternship
INFO: Creating Software Internship
Mar 25, 2025 11:52:35 PM seedu.internsprint.command.DeleteCommand execute
INFO: Starting Delete Command processing
Mar 25, 2025 11:52:35 PM seedu.internsprint.command.DeleteCommand execute
INFO: Parameters in DeleteCommand: {}
Mar 25, 2025 11:52:35 PM seedu.internsprint.command.CommandResult <init>
INFO: Multiple feedback provided to user...
Mar 25, 2025 11:52:35 PM seedu.internsprint.command.DeleteCommand execute
WARNING: Missing index processing error
Mar 25, 2025 11:52:35 PM seedu.internsprint.command.DeleteCommand execute
INFO: Starting Delete Command processing
Mar 25, 2025 11:52:35 PM seedu.internsprint.command.DeleteCommand execute
INFO: Parameters in DeleteCommand: {/index=-1}
Mar 25, 2025 11:52:35 PM seedu.internsprint.command.CommandResult <init>
INFO: Multiple feedback provided to user...
Mar 25, 2025 11:52:35 PM seedu.internsprint.command.DeleteCommand execute
WARNING: Invalid index processing error
Mar 25, 2025 11:52:35 PM seedu.internsprint.command.AddCommand execute
INFO: Executing add command
Mar 25, 2025 11:52:35 PM seedu.internsprint.command.AddCommand execute
WARNING: Invalid parameters entered
Mar 25, 2025 11:52:35 PM seedu.internsprint.command.CommandResult <init>
INFO: One line of feedback provided to user...
Mar 25, 2025 11:52:35 PM seedu.internsprint.command.AddCommand execute
INFO: Executing add command
Mar 25, 2025 11:52:35 PM seedu.internsprint.command.AddCommand execute
WARNING: Invalid parameters entered
Mar 25, 2025 11:52:35 PM seedu.internsprint.command.CommandResult <init>
INFO: One line of feedback provided to user...
Mar 25, 2025 11:52:35 PM seedu.internsprint.command.DeleteCommand execute
INFO: Starting Delete Command processing
Mar 25, 2025 11:52:35 PM seedu.internsprint.command.DeleteCommand execute
INFO: Parameters in DeleteCommand: {/index=3}
Mar 25, 2025 11:52:35 PM seedu.internsprint.command.CommandResult <init>
INFO: Multiple feedback provided to user...
Mar 25, 2025 11:52:35 PM seedu.internsprint.command.DeleteCommand execute
WARNING: Invalid index processing error
Mar 25, 2025 11:52:35 PM seedu.internsprint.command.DescriptionCommand isValidParameters
INFO: Entering check for parameters in description command.
Mar 25, 2025 11:52:35 PM seedu.internsprint.command.DescriptionCommand execute
INFO: Executing description command.
Mar 25, 2025 11:52:35 PM seedu.internsprint.command.DescriptionCommand isValidParameters
INFO: Entering check for parameters in description command.
Mar 25, 2025 11:52:35 PM seedu.internsprint.command.DescriptionCommand execute
INFO: Description of internship successfully shown to user
Mar 25, 2025 11:52:35 PM seedu.internsprint.command.CommandResult <init>
INFO: Multiple feedback provided to user...
Mar 25, 2025 11:52:35 PM seedu.internsprint.command.DescriptionCommand execute
INFO: Executing description command.
Mar 25, 2025 11:52:35 PM seedu.internsprint.command.DescriptionCommand isValidParameters
INFO: Entering check for parameters in description command.
Mar 25, 2025 11:52:35 PM seedu.internsprint.command.DescriptionCommand execute
WARNING: Index for description command is out of range.
java.lang.IllegalArgumentException: Invalid index range: Please enter a valid index within the list.
	at seedu.internsprint.handler.CommandParser.validateIndex(CommandParser.java:179)
	at seedu.internsprint.command.DescriptionCommand.execute(DescriptionCommand.java:75)
	at seedu.internsprint.command.DescriptionCommandTest.isValidParameters_provideInvalidIndex_returnsFalse(DescriptionCommandTest.java:30)
	at java.base/jdk.internal.reflect.NativeMethodAccessorImpl.invoke0(Native Method)
	at java.base/jdk.internal.reflect.NativeMethodAccessorImpl.invoke(NativeMethodAccessorImpl.java:77)
	at java.base/jdk.internal.reflect.DelegatingMethodAccessorImpl.invoke(DelegatingMethodAccessorImpl.java:43)
	at java.base/java.lang.reflect.Method.invoke(Method.java:568)
	at org.junit.platform.commons.util.ReflectionUtils.invokeMethod(ReflectionUtils.java:728)
	at org.junit.jupiter.engine.execution.MethodInvocation.proceed(MethodInvocation.java:60)
	at org.junit.jupiter.engine.execution.InvocationInterceptorChain$ValidatingInvocation.proceed(InvocationInterceptorChain.java:131)
	at org.junit.jupiter.engine.extension.TimeoutExtension.intercept(TimeoutExtension.java:156)
	at org.junit.jupiter.engine.extension.TimeoutExtension.interceptTestableMethod(TimeoutExtension.java:147)
	at org.junit.jupiter.engine.extension.TimeoutExtension.interceptTestMethod(TimeoutExtension.java:86)
	at org.junit.jupiter.engine.execution.InterceptingExecutableInvoker$ReflectiveInterceptorCall.lambda$ofVoidMethod$0(InterceptingExecutableInvoker.java:103)
	at org.junit.jupiter.engine.execution.InterceptingExecutableInvoker.lambda$invoke$0(InterceptingExecutableInvoker.java:93)
	at org.junit.jupiter.engine.execution.InvocationInterceptorChain$InterceptedInvocation.proceed(InvocationInterceptorChain.java:106)
	at org.junit.jupiter.engine.execution.InvocationInterceptorChain.proceed(InvocationInterceptorChain.java:64)
	at org.junit.jupiter.engine.execution.InvocationInterceptorChain.chainAndInvoke(InvocationInterceptorChain.java:45)
	at org.junit.jupiter.engine.execution.InvocationInterceptorChain.invoke(InvocationInterceptorChain.java:37)
	at org.junit.jupiter.engine.execution.InterceptingExecutableInvoker.invoke(InterceptingExecutableInvoker.java:92)
	at org.junit.jupiter.engine.execution.InterceptingExecutableInvoker.invoke(InterceptingExecutableInvoker.java:86)
	at org.junit.jupiter.engine.descriptor.TestMethodTestDescriptor.lambda$invokeTestMethod$7(TestMethodTestDescriptor.java:218)
	at org.junit.platform.engine.support.hierarchical.ThrowableCollector.execute(ThrowableCollector.java:73)
	at org.junit.jupiter.engine.descriptor.TestMethodTestDescriptor.invokeTestMethod(TestMethodTestDescriptor.java:214)
	at org.junit.jupiter.engine.descriptor.TestMethodTestDescriptor.execute(TestMethodTestDescriptor.java:139)
	at org.junit.jupiter.engine.descriptor.TestMethodTestDescriptor.execute(TestMethodTestDescriptor.java:69)
	at org.junit.platform.engine.support.hierarchical.NodeTestTask.lambda$executeRecursively$6(NodeTestTask.java:151)
	at org.junit.platform.engine.support.hierarchical.ThrowableCollector.execute(ThrowableCollector.java:73)
	at org.junit.platform.engine.support.hierarchical.NodeTestTask.lambda$executeRecursively$8(NodeTestTask.java:141)
	at org.junit.platform.engine.support.hierarchical.Node.around(Node.java:137)
	at org.junit.platform.engine.support.hierarchical.NodeTestTask.lambda$executeRecursively$9(NodeTestTask.java:139)
	at org.junit.platform.engine.support.hierarchical.ThrowableCollector.execute(ThrowableCollector.java:73)
	at org.junit.platform.engine.support.hierarchical.NodeTestTask.executeRecursively(NodeTestTask.java:138)
	at org.junit.platform.engine.support.hierarchical.NodeTestTask.execute(NodeTestTask.java:95)
	at java.base/java.util.ArrayList.forEach(ArrayList.java:1511)
	at org.junit.platform.engine.support.hierarchical.SameThreadHierarchicalTestExecutorService.invokeAll(SameThreadHierarchicalTestExecutorService.java:41)
	at org.junit.platform.engine.support.hierarchical.NodeTestTask.lambda$executeRecursively$6(NodeTestTask.java:155)
	at org.junit.platform.engine.support.hierarchical.ThrowableCollector.execute(ThrowableCollector.java:73)
	at org.junit.platform.engine.support.hierarchical.NodeTestTask.lambda$executeRecursively$8(NodeTestTask.java:141)
	at org.junit.platform.engine.support.hierarchical.Node.around(Node.java:137)
	at org.junit.platform.engine.support.hierarchical.NodeTestTask.lambda$executeRecursively$9(NodeTestTask.java:139)
	at org.junit.platform.engine.support.hierarchical.ThrowableCollector.execute(ThrowableCollector.java:73)
	at org.junit.platform.engine.support.hierarchical.NodeTestTask.executeRecursively(NodeTestTask.java:138)
	at org.junit.platform.engine.support.hierarchical.NodeTestTask.execute(NodeTestTask.java:95)
	at java.base/java.util.ArrayList.forEach(ArrayList.java:1511)
	at org.junit.platform.engine.support.hierarchical.SameThreadHierarchicalTestExecutorService.invokeAll(SameThreadHierarchicalTestExecutorService.java:41)
	at org.junit.platform.engine.support.hierarchical.NodeTestTask.lambda$executeRecursively$6(NodeTestTask.java:155)
	at org.junit.platform.engine.support.hierarchical.ThrowableCollector.execute(ThrowableCollector.java:73)
	at org.junit.platform.engine.support.hierarchical.NodeTestTask.lambda$executeRecursively$8(NodeTestTask.java:141)
	at org.junit.platform.engine.support.hierarchical.Node.around(Node.java:137)
	at org.junit.platform.engine.support.hierarchical.NodeTestTask.lambda$executeRecursively$9(NodeTestTask.java:139)
	at org.junit.platform.engine.support.hierarchical.ThrowableCollector.execute(ThrowableCollector.java:73)
	at org.junit.platform.engine.support.hierarchical.NodeTestTask.executeRecursively(NodeTestTask.java:138)
	at org.junit.platform.engine.support.hierarchical.NodeTestTask.execute(NodeTestTask.java:95)
	at org.junit.platform.engine.support.hierarchical.SameThreadHierarchicalTestExecutorService.submit(SameThreadHierarchicalTestExecutorService.java:35)
	at org.junit.platform.engine.support.hierarchical.HierarchicalTestExecutor.execute(HierarchicalTestExecutor.java:57)
	at org.junit.platform.engine.support.hierarchical.HierarchicalTestEngine.execute(HierarchicalTestEngine.java:54)
	at org.junit.platform.launcher.core.EngineExecutionOrchestrator.execute(EngineExecutionOrchestrator.java:107)
	at org.junit.platform.launcher.core.EngineExecutionOrchestrator.execute(EngineExecutionOrchestrator.java:88)
	at org.junit.platform.launcher.core.EngineExecutionOrchestrator.lambda$execute$0(EngineExecutionOrchestrator.java:54)
	at org.junit.platform.launcher.core.EngineExecutionOrchestrator.withInterceptedStreams(EngineExecutionOrchestrator.java:67)
	at org.junit.platform.launcher.core.EngineExecutionOrchestrator.execute(EngineExecutionOrchestrator.java:52)
	at org.junit.platform.launcher.core.DefaultLauncher.execute(DefaultLauncher.java:114)
	at org.junit.platform.launcher.core.DefaultLauncher.execute(DefaultLauncher.java:86)
	at org.junit.platform.launcher.core.DefaultLauncherSession$DelegatingLauncher.execute(DefaultLauncherSession.java:86)
	at org.junit.platform.launcher.core.SessionPerRequestLauncher.execute(SessionPerRequestLauncher.java:53)
	at org.gradle.api.internal.tasks.testing.junitplatform.JUnitPlatformTestClassProcessor$CollectAllTestClassesExecutor.processAllTestClasses(JUnitPlatformTestClassProcessor.java:99)
	at org.gradle.api.internal.tasks.testing.junitplatform.JUnitPlatformTestClassProcessor$CollectAllTestClassesExecutor.access$000(JUnitPlatformTestClassProcessor.java:79)
	at org.gradle.api.internal.tasks.testing.junitplatform.JUnitPlatformTestClassProcessor.stop(JUnitPlatformTestClassProcessor.java:75)
	at org.gradle.api.internal.tasks.testing.SuiteTestClassProcessor.stop(SuiteTestClassProcessor.java:62)
	at java.base/jdk.internal.reflect.NativeMethodAccessorImpl.invoke0(Native Method)
	at java.base/jdk.internal.reflect.NativeMethodAccessorImpl.invoke(NativeMethodAccessorImpl.java:77)
	at java.base/jdk.internal.reflect.DelegatingMethodAccessorImpl.invoke(DelegatingMethodAccessorImpl.java:43)
	at java.base/java.lang.reflect.Method.invoke(Method.java:568)
	at org.gradle.internal.dispatch.ReflectionDispatch.dispatch(ReflectionDispatch.java:36)
	at org.gradle.internal.dispatch.ReflectionDispatch.dispatch(ReflectionDispatch.java:24)
	at org.gradle.internal.dispatch.ContextClassLoaderDispatch.dispatch(ContextClassLoaderDispatch.java:33)
	at org.gradle.internal.dispatch.ProxyDispatchAdapter$DispatchingInvocationHandler.invoke(ProxyDispatchAdapter.java:94)
	at jdk.proxy1/jdk.proxy1.$Proxy2.stop(Unknown Source)
	at org.gradle.api.internal.tasks.testing.worker.TestWorker$3.run(TestWorker.java:193)
	at org.gradle.api.internal.tasks.testing.worker.TestWorker.executeAndMaintainThreadName(TestWorker.java:129)
	at org.gradle.api.internal.tasks.testing.worker.TestWorker.execute(TestWorker.java:100)
	at org.gradle.api.internal.tasks.testing.worker.TestWorker.execute(TestWorker.java:60)
	at org.gradle.process.internal.worker.child.ActionExecutionWorker.execute(ActionExecutionWorker.java:56)
	at org.gradle.process.internal.worker.child.SystemApplicationClassLoaderWorker.call(SystemApplicationClassLoaderWorker.java:113)
	at org.gradle.process.internal.worker.child.SystemApplicationClassLoaderWorker.call(SystemApplicationClassLoaderWorker.java:65)
	at worker.org.gradle.process.internal.worker.GradleWorkerMain.run(GradleWorkerMain.java:69)
	at worker.org.gradle.process.internal.worker.GradleWorkerMain.main(GradleWorkerMain.java:74)

Mar 25, 2025 11:52:35 PM seedu.internsprint.command.CommandResult <init>
INFO: Multiple feedback provided to user...
Mar 25, 2025 11:52:35 PM seedu.internsprint.command.EditCommand execute
INFO: Entering execute for edit command...
Mar 25, 2025 11:52:35 PM seedu.internsprint.command.EditCommand isValidParameters
INFO: Entering check for parameters in edit command.
Mar 25, 2025 11:52:35 PM seedu.internsprint.command.EditCommand editParametersForFoundInternships
INFO: Editing given parameters...
Mar 25, 2025 11:52:35 PM seedu.internsprint.handler.StorageHandler saveInternships
INFO: Saving Internships to file ...
Mar 25, 2025 11:52:35 PM seedu.internsprint.handler.StorageHandler saveInternships
INFO: Successfully saved 2 Internships to file C:\Users\Nikita\Desktop\cs2113\tp\data\internships.txt
Mar 25, 2025 11:52:35 PM seedu.internsprint.command.EditCommand execute
INFO: Finished processing for exit command
Mar 25, 2025 11:52:35 PM seedu.internsprint.command.CommandResult <init>
INFO: Multiple feedback provided to user...
Mar 25, 2025 11:52:35 PM seedu.internsprint.command.EditCommand isValidParameters
INFO: Entering check for parameters in edit command.
Mar 25, 2025 11:52:35 PM seedu.internsprint.command.EditCommand isValidParameters
INFO: Entering check for parameters in edit command.
Mar 25, 2025 11:52:35 PM seedu.internsprint.command.EditCommand isValidParameters
WARNING: There is no specified index.
Mar 25, 2025 11:52:35 PM seedu.internsprint.command.EditCommand isValidParameters
INFO: Entering check for parameters in edit command.
Mar 25, 2025 11:52:35 PM seedu.internsprint.command.EditCommand isValidParameters
WARNING: There is a flag that is out of specified optional parameters.
Mar 25, 2025 11:52:35 PM seedu.internsprint.command.EditCommand execute
INFO: Entering execute for edit command...
Mar 25, 2025 11:52:35 PM seedu.internsprint.command.EditCommand isValidParameters
INFO: Entering check for parameters in edit command.
Mar 25, 2025 11:52:35 PM seedu.internsprint.command.EditCommand editParametersForFoundInternships
INFO: Editing given parameters...
Mar 25, 2025 11:52:35 PM seedu.internsprint.handler.StorageHandler saveInternships
INFO: Saving Internships to file ...
Mar 25, 2025 11:52:35 PM seedu.internsprint.handler.StorageHandler saveInternships
INFO: Successfully saved 1 Internships to file C:\Users\Nikita\Desktop\cs2113\tp\data\internships.txt
Mar 25, 2025 11:52:35 PM seedu.internsprint.command.EditCommand execute
INFO: Finished processing for exit command
Mar 25, 2025 11:52:35 PM seedu.internsprint.command.CommandResult <init>
INFO: Multiple feedback provided to user...
Mar 25, 2025 11:52:35 PM seedu.internsprint.command.EditCommand execute
INFO: Entering execute for edit command...
Mar 25, 2025 11:52:35 PM seedu.internsprint.command.EditCommand isValidParameters
INFO: Entering check for parameters in edit command.
Mar 25, 2025 11:52:35 PM seedu.internsprint.command.EditCommand editParametersForFoundInternships
INFO: Editing given parameters...
Mar 25, 2025 11:52:35 PM seedu.internsprint.handler.StorageHandler saveInternships
INFO: Saving Internships to file ...
Mar 25, 2025 11:52:35 PM seedu.internsprint.handler.StorageHandler saveInternships
INFO: Successfully saved 1 Internships to file C:\Users\Nikita\Desktop\cs2113\tp\data\internships.txt
Mar 25, 2025 11:52:35 PM seedu.internsprint.command.EditCommand execute
INFO: Finished processing for exit command
Mar 25, 2025 11:52:35 PM seedu.internsprint.command.CommandResult <init>
INFO: Multiple feedback provided to user...
Mar 25, 2025 11:52:35 PM seedu.internsprint.command.EditCommand execute
INFO: Entering execute for edit command...
Mar 25, 2025 11:52:35 PM seedu.internsprint.command.EditCommand isValidParameters
INFO: Entering check for parameters in edit command.
Mar 25, 2025 11:52:35 PM seedu.internsprint.command.EditCommand editParametersForFoundInternships
INFO: Editing given parameters...
Mar 25, 2025 11:52:35 PM seedu.internsprint.handler.StorageHandler saveInternships
INFO: Saving Internships to file ...
Mar 25, 2025 11:52:35 PM seedu.internsprint.handler.StorageHandler saveInternships
INFO: Successfully saved 1 Internships to file C:\Users\Nikita\Desktop\cs2113\tp\data\internships.txt
Mar 25, 2025 11:52:35 PM seedu.internsprint.command.EditCommand execute
INFO: Finished processing for exit command
Mar 25, 2025 11:52:35 PM seedu.internsprint.command.CommandResult <init>
INFO: Multiple feedback provided to user...
Mar 25, 2025 11:52:35 PM seedu.internsprint.command.EditCommand execute
INFO: Entering execute for edit command...
Mar 25, 2025 11:52:35 PM seedu.internsprint.command.EditCommand isValidParameters
INFO: Entering check for parameters in edit command.
Mar 25, 2025 11:52:35 PM seedu.internsprint.command.EditCommand editParametersForFoundInternships
INFO: Editing given parameters...
Mar 25, 2025 11:52:35 PM seedu.internsprint.command.CommandResult <init>
INFO: Multiple feedback provided to user...
Mar 25, 2025 11:52:35 PM seedu.internsprint.command.EditCommand isValidParameters
INFO: Entering check for parameters in edit command.
Mar 25, 2025 11:52:35 PM seedu.internsprint.command.EditCommand isValidParameters
WARNING: There is no specified index.
Mar 25, 2025 11:52:35 PM seedu.internsprint.command.EditCommand execute
INFO: Entering execute for edit command...
Mar 25, 2025 11:52:35 PM seedu.internsprint.command.EditCommand isValidParameters
INFO: Entering check for parameters in edit command.
Mar 25, 2025 11:52:35 PM seedu.internsprint.command.EditCommand editParametersForFoundInternships
INFO: Editing given parameters...
Mar 25, 2025 11:52:35 PM seedu.internsprint.handler.StorageHandler saveInternships
INFO: Saving Internships to file ...
Mar 25, 2025 11:52:35 PM seedu.internsprint.handler.StorageHandler saveInternships
INFO: Successfully saved 1 Internships to file C:\Users\Nikita\Desktop\cs2113\tp\data\internships.txt
Mar 25, 2025 11:52:35 PM seedu.internsprint.command.EditCommand execute
INFO: Finished processing for exit command
Mar 25, 2025 11:52:35 PM seedu.internsprint.command.CommandResult <init>
INFO: Multiple feedback provided to user...
Mar 25, 2025 11:52:35 PM seedu.internsprint.command.EditCommand execute
INFO: Entering execute for edit command...
Mar 25, 2025 11:52:35 PM seedu.internsprint.command.EditCommand isValidParameters
INFO: Entering check for parameters in edit command.
Mar 25, 2025 11:52:35 PM seedu.internsprint.command.EditCommand editParametersForFoundInternships
INFO: Editing given parameters...
Mar 25, 2025 11:52:35 PM seedu.internsprint.command.EditCommand execute
WARNING: Internship not found
Mar 25, 2025 11:52:35 PM seedu.internsprint.command.CommandResult <init>
INFO: One line of feedback provided to user...
Mar 25, 2025 11:52:35 PM seedu.internsprint.command.HelpCommand execute
INFO: Starting Help Command processing
Mar 25, 2025 11:52:35 PM seedu.internsprint.command.HelpCommand execute
INFO: End of Help Command processing
Mar 25, 2025 11:52:35 PM seedu.internsprint.command.CommandResult <init>
INFO: One line of feedback provided to user...
Mar 25, 2025 11:52:35 PM seedu.internsprint.command.HelpCommand execute
INFO: Starting Help Command processing
Mar 25, 2025 11:52:35 PM seedu.internsprint.command.HelpCommand execute
INFO: End of Help Command processing
Mar 25, 2025 11:52:35 PM seedu.internsprint.command.CommandResult <init>
INFO: One line of feedback provided to user...
Mar 25, 2025 11:52:35 PM seedu.internsprint.command.HelpCommand execute
INFO: Starting Help Command processing
Mar 25, 2025 11:52:35 PM seedu.internsprint.command.HelpCommand execute
WARNING: Invalid parameters processing error
Mar 25, 2025 11:52:35 PM seedu.internsprint.command.CommandResult <init>
INFO: One line of feedback provided to user...
Mar 25, 2025 11:52:35 PM seedu.internsprint.command.ListCommand isValidParameters
INFO: Entering into the check for parameters in list command
Mar 25, 2025 11:52:35 PM seedu.internsprint.command.ListCommand execute
INFO: Executing list command
Mar 25, 2025 11:52:35 PM seedu.internsprint.command.ListCommand execute
INFO: Internships listed successfully
Mar 25, 2025 11:52:35 PM seedu.internsprint.command.CommandResult <init>
INFO: Multiple feedback provided to user...
Mar 25, 2025 11:52:35 PM seedu.internsprint.command.ListCommand isValidParameters
INFO: Entering into the check for parameters in list command
Mar 25, 2025 11:54:53 PM seedu.internsprint.command.AddCommand execute
INFO: Executing add command
Mar 25, 2025 11:54:53 PM seedu.internsprint.command.AddSoftwareCommand createInternship
INFO: Creating Software Internship
Mar 25, 2025 11:54:53 PM seedu.internsprint.command.CommandResult <init>
INFO: One line of feedback provided to user...
Mar 25, 2025 11:54:53 PM seedu.internsprint.command.AddGeneralCommand createInternship
INFO: Creating General Internship
Mar 25, 2025 11:54:53 PM seedu.internsprint.command.AddGeneralCommand createInternship
INFO: Creating General Internship
Mar 25, 2025 11:54:53 PM seedu.internsprint.command.AddGeneralCommand createInternship
INFO: Creating General Internship
Mar 25, 2025 11:54:53 PM seedu.internsprint.command.AddGeneralCommand createInternship
INFO: Creating General Internship
Mar 25, 2025 11:54:53 PM seedu.internsprint.command.AddGeneralCommand createInternship
INFO: Creating General Internship
Mar 25, 2025 11:54:53 PM seedu.internsprint.command.AddGeneralCommand createInternship
INFO: Creating General Internship
Mar 25, 2025 11:54:53 PM seedu.internsprint.command.AddGeneralCommand createInternship
INFO: Creating General Internship
Mar 25, 2025 11:54:53 PM seedu.internsprint.command.AddGeneralCommand createInternship
INFO: Creating General Internship
Mar 25, 2025 11:54:53 PM seedu.internsprint.command.AddGeneralCommand createInternship
INFO: Creating General Internship
Mar 25, 2025 11:54:53 PM seedu.internsprint.command.AddGeneralCommand createInternship
INFO: Creating General Internship
Mar 25, 2025 11:54:53 PM seedu.internsprint.command.AddGeneralCommand createInternship
INFO: Creating General Internship
Mar 25, 2025 11:54:53 PM seedu.internsprint.command.AddGeneralCommand createInternship
INFO: Creating General Internship
Mar 25, 2025 11:54:53 PM seedu.internsprint.command.AddGeneralCommand createInternship
INFO: Creating General Internship
Mar 25, 2025 11:54:53 PM seedu.internsprint.command.AddHardwareCommand createInternship
INFO: Creating Hardware Internship
Mar 25, 2025 11:54:53 PM seedu.internsprint.command.AddHardwareCommand createInternship
INFO: Creating Hardware Internship
Mar 25, 2025 11:54:53 PM seedu.internsprint.command.AddHardwareCommand createInternship
INFO: Creating Hardware Internship
Mar 25, 2025 11:54:53 PM seedu.internsprint.command.AddHardwareCommand createInternship
INFO: Creating Hardware Internship
Mar 25, 2025 11:54:53 PM seedu.internsprint.command.AddHardwareCommand createInternship
INFO: Creating Hardware Internship
Mar 25, 2025 11:54:53 PM seedu.internsprint.command.AddSoftwareCommand createInternship
INFO: Creating Software Internship
Mar 25, 2025 11:54:53 PM seedu.internsprint.command.AddSoftwareCommand createInternship
INFO: Creating Software Internship
Mar 25, 2025 11:54:53 PM seedu.internsprint.command.AddSoftwareCommand createInternship
INFO: Creating Software Internship
Mar 25, 2025 11:54:53 PM seedu.internsprint.command.AddSoftwareCommand createInternship
INFO: Creating Software Internship
Mar 25, 2025 11:54:53 PM seedu.internsprint.command.AddSoftwareCommand createInternship
INFO: Creating Software Internship
Mar 25, 2025 11:54:53 PM seedu.internsprint.command.DeleteCommand execute
INFO: Starting Delete Command processing
Mar 25, 2025 11:54:53 PM seedu.internsprint.command.DeleteCommand execute
INFO: Parameters in DeleteCommand: {}
Mar 25, 2025 11:54:53 PM seedu.internsprint.command.CommandResult <init>
INFO: Multiple feedback provided to user...
Mar 25, 2025 11:54:53 PM seedu.internsprint.command.DeleteCommand execute
WARNING: Missing index processing error
Mar 25, 2025 11:54:53 PM seedu.internsprint.command.DeleteCommand execute
INFO: Starting Delete Command processing
Mar 25, 2025 11:54:53 PM seedu.internsprint.command.DeleteCommand execute
INFO: Parameters in DeleteCommand: {/index=-1}
Mar 25, 2025 11:54:53 PM seedu.internsprint.command.CommandResult <init>
INFO: Multiple feedback provided to user...
Mar 25, 2025 11:54:53 PM seedu.internsprint.command.DeleteCommand execute
WARNING: Invalid index processing error
Mar 25, 2025 11:54:53 PM seedu.internsprint.command.AddCommand execute
INFO: Executing add command
Mar 25, 2025 11:54:53 PM seedu.internsprint.command.AddCommand execute
WARNING: Invalid parameters entered
Mar 25, 2025 11:54:53 PM seedu.internsprint.command.CommandResult <init>
INFO: One line of feedback provided to user...
Mar 25, 2025 11:54:53 PM seedu.internsprint.command.AddCommand execute
INFO: Executing add command
Mar 25, 2025 11:54:53 PM seedu.internsprint.command.AddCommand execute
WARNING: Invalid parameters entered
Mar 25, 2025 11:54:53 PM seedu.internsprint.command.CommandResult <init>
INFO: One line of feedback provided to user...
Mar 25, 2025 11:54:53 PM seedu.internsprint.command.DeleteCommand execute
INFO: Starting Delete Command processing
Mar 25, 2025 11:54:53 PM seedu.internsprint.command.DeleteCommand execute
INFO: Parameters in DeleteCommand: {/index=3}
Mar 25, 2025 11:54:53 PM seedu.internsprint.command.CommandResult <init>
INFO: Multiple feedback provided to user...
Mar 25, 2025 11:54:53 PM seedu.internsprint.command.DeleteCommand execute
WARNING: Invalid index processing error
Mar 25, 2025 11:54:53 PM seedu.internsprint.command.DescriptionCommand isValidParameters
INFO: Entering check for parameters in description command.
Mar 25, 2025 11:54:53 PM seedu.internsprint.command.DescriptionCommand execute
INFO: Executing description command.
Mar 25, 2025 11:54:53 PM seedu.internsprint.command.DescriptionCommand isValidParameters
INFO: Entering check for parameters in description command.
Mar 25, 2025 11:54:53 PM seedu.internsprint.command.DescriptionCommand execute
INFO: Description of internship successfully shown to user
Mar 25, 2025 11:54:53 PM seedu.internsprint.command.CommandResult <init>
INFO: Multiple feedback provided to user...
Mar 25, 2025 11:54:53 PM seedu.internsprint.command.DescriptionCommand execute
INFO: Executing description command.
Mar 25, 2025 11:54:53 PM seedu.internsprint.command.DescriptionCommand isValidParameters
INFO: Entering check for parameters in description command.
Mar 25, 2025 11:54:53 PM seedu.internsprint.command.DescriptionCommand execute
WARNING: Index for description command is out of range.
java.lang.IllegalArgumentException: Invalid index range: Please enter a valid index within the list.
	at seedu.internsprint.handler.CommandParser.validateIndex(CommandParser.java:179)
	at seedu.internsprint.command.DescriptionCommand.execute(DescriptionCommand.java:75)
	at seedu.internsprint.command.DescriptionCommandTest.isValidParameters_provideInvalidIndex_returnsFalse(DescriptionCommandTest.java:30)
	at java.base/jdk.internal.reflect.NativeMethodAccessorImpl.invoke0(Native Method)
	at java.base/jdk.internal.reflect.NativeMethodAccessorImpl.invoke(NativeMethodAccessorImpl.java:77)
	at java.base/jdk.internal.reflect.DelegatingMethodAccessorImpl.invoke(DelegatingMethodAccessorImpl.java:43)
	at java.base/java.lang.reflect.Method.invoke(Method.java:568)
	at org.junit.platform.commons.util.ReflectionUtils.invokeMethod(ReflectionUtils.java:728)
	at org.junit.jupiter.engine.execution.MethodInvocation.proceed(MethodInvocation.java:60)
	at org.junit.jupiter.engine.execution.InvocationInterceptorChain$ValidatingInvocation.proceed(InvocationInterceptorChain.java:131)
	at org.junit.jupiter.engine.extension.TimeoutExtension.intercept(TimeoutExtension.java:156)
	at org.junit.jupiter.engine.extension.TimeoutExtension.interceptTestableMethod(TimeoutExtension.java:147)
	at org.junit.jupiter.engine.extension.TimeoutExtension.interceptTestMethod(TimeoutExtension.java:86)
	at org.junit.jupiter.engine.execution.InterceptingExecutableInvoker$ReflectiveInterceptorCall.lambda$ofVoidMethod$0(InterceptingExecutableInvoker.java:103)
	at org.junit.jupiter.engine.execution.InterceptingExecutableInvoker.lambda$invoke$0(InterceptingExecutableInvoker.java:93)
	at org.junit.jupiter.engine.execution.InvocationInterceptorChain$InterceptedInvocation.proceed(InvocationInterceptorChain.java:106)
	at org.junit.jupiter.engine.execution.InvocationInterceptorChain.proceed(InvocationInterceptorChain.java:64)
	at org.junit.jupiter.engine.execution.InvocationInterceptorChain.chainAndInvoke(InvocationInterceptorChain.java:45)
	at org.junit.jupiter.engine.execution.InvocationInterceptorChain.invoke(InvocationInterceptorChain.java:37)
	at org.junit.jupiter.engine.execution.InterceptingExecutableInvoker.invoke(InterceptingExecutableInvoker.java:92)
	at org.junit.jupiter.engine.execution.InterceptingExecutableInvoker.invoke(InterceptingExecutableInvoker.java:86)
	at org.junit.jupiter.engine.descriptor.TestMethodTestDescriptor.lambda$invokeTestMethod$7(TestMethodTestDescriptor.java:218)
	at org.junit.platform.engine.support.hierarchical.ThrowableCollector.execute(ThrowableCollector.java:73)
	at org.junit.jupiter.engine.descriptor.TestMethodTestDescriptor.invokeTestMethod(TestMethodTestDescriptor.java:214)
	at org.junit.jupiter.engine.descriptor.TestMethodTestDescriptor.execute(TestMethodTestDescriptor.java:139)
	at org.junit.jupiter.engine.descriptor.TestMethodTestDescriptor.execute(TestMethodTestDescriptor.java:69)
	at org.junit.platform.engine.support.hierarchical.NodeTestTask.lambda$executeRecursively$6(NodeTestTask.java:151)
	at org.junit.platform.engine.support.hierarchical.ThrowableCollector.execute(ThrowableCollector.java:73)
	at org.junit.platform.engine.support.hierarchical.NodeTestTask.lambda$executeRecursively$8(NodeTestTask.java:141)
	at org.junit.platform.engine.support.hierarchical.Node.around(Node.java:137)
	at org.junit.platform.engine.support.hierarchical.NodeTestTask.lambda$executeRecursively$9(NodeTestTask.java:139)
	at org.junit.platform.engine.support.hierarchical.ThrowableCollector.execute(ThrowableCollector.java:73)
	at org.junit.platform.engine.support.hierarchical.NodeTestTask.executeRecursively(NodeTestTask.java:138)
	at org.junit.platform.engine.support.hierarchical.NodeTestTask.execute(NodeTestTask.java:95)
	at java.base/java.util.ArrayList.forEach(ArrayList.java:1511)
	at org.junit.platform.engine.support.hierarchical.SameThreadHierarchicalTestExecutorService.invokeAll(SameThreadHierarchicalTestExecutorService.java:41)
	at org.junit.platform.engine.support.hierarchical.NodeTestTask.lambda$executeRecursively$6(NodeTestTask.java:155)
	at org.junit.platform.engine.support.hierarchical.ThrowableCollector.execute(ThrowableCollector.java:73)
	at org.junit.platform.engine.support.hierarchical.NodeTestTask.lambda$executeRecursively$8(NodeTestTask.java:141)
	at org.junit.platform.engine.support.hierarchical.Node.around(Node.java:137)
	at org.junit.platform.engine.support.hierarchical.NodeTestTask.lambda$executeRecursively$9(NodeTestTask.java:139)
	at org.junit.platform.engine.support.hierarchical.ThrowableCollector.execute(ThrowableCollector.java:73)
	at org.junit.platform.engine.support.hierarchical.NodeTestTask.executeRecursively(NodeTestTask.java:138)
	at org.junit.platform.engine.support.hierarchical.NodeTestTask.execute(NodeTestTask.java:95)
	at java.base/java.util.ArrayList.forEach(ArrayList.java:1511)
	at org.junit.platform.engine.support.hierarchical.SameThreadHierarchicalTestExecutorService.invokeAll(SameThreadHierarchicalTestExecutorService.java:41)
	at org.junit.platform.engine.support.hierarchical.NodeTestTask.lambda$executeRecursively$6(NodeTestTask.java:155)
	at org.junit.platform.engine.support.hierarchical.ThrowableCollector.execute(ThrowableCollector.java:73)
	at org.junit.platform.engine.support.hierarchical.NodeTestTask.lambda$executeRecursively$8(NodeTestTask.java:141)
	at org.junit.platform.engine.support.hierarchical.Node.around(Node.java:137)
	at org.junit.platform.engine.support.hierarchical.NodeTestTask.lambda$executeRecursively$9(NodeTestTask.java:139)
	at org.junit.platform.engine.support.hierarchical.ThrowableCollector.execute(ThrowableCollector.java:73)
	at org.junit.platform.engine.support.hierarchical.NodeTestTask.executeRecursively(NodeTestTask.java:138)
	at org.junit.platform.engine.support.hierarchical.NodeTestTask.execute(NodeTestTask.java:95)
	at org.junit.platform.engine.support.hierarchical.SameThreadHierarchicalTestExecutorService.submit(SameThreadHierarchicalTestExecutorService.java:35)
	at org.junit.platform.engine.support.hierarchical.HierarchicalTestExecutor.execute(HierarchicalTestExecutor.java:57)
	at org.junit.platform.engine.support.hierarchical.HierarchicalTestEngine.execute(HierarchicalTestEngine.java:54)
	at org.junit.platform.launcher.core.EngineExecutionOrchestrator.execute(EngineExecutionOrchestrator.java:107)
	at org.junit.platform.launcher.core.EngineExecutionOrchestrator.execute(EngineExecutionOrchestrator.java:88)
	at org.junit.platform.launcher.core.EngineExecutionOrchestrator.lambda$execute$0(EngineExecutionOrchestrator.java:54)
	at org.junit.platform.launcher.core.EngineExecutionOrchestrator.withInterceptedStreams(EngineExecutionOrchestrator.java:67)
	at org.junit.platform.launcher.core.EngineExecutionOrchestrator.execute(EngineExecutionOrchestrator.java:52)
	at org.junit.platform.launcher.core.DefaultLauncher.execute(DefaultLauncher.java:114)
	at org.junit.platform.launcher.core.DefaultLauncher.execute(DefaultLauncher.java:86)
	at org.junit.platform.launcher.core.DefaultLauncherSession$DelegatingLauncher.execute(DefaultLauncherSession.java:86)
	at org.junit.platform.launcher.core.SessionPerRequestLauncher.execute(SessionPerRequestLauncher.java:53)
	at org.gradle.api.internal.tasks.testing.junitplatform.JUnitPlatformTestClassProcessor$CollectAllTestClassesExecutor.processAllTestClasses(JUnitPlatformTestClassProcessor.java:99)
	at org.gradle.api.internal.tasks.testing.junitplatform.JUnitPlatformTestClassProcessor$CollectAllTestClassesExecutor.access$000(JUnitPlatformTestClassProcessor.java:79)
	at org.gradle.api.internal.tasks.testing.junitplatform.JUnitPlatformTestClassProcessor.stop(JUnitPlatformTestClassProcessor.java:75)
	at org.gradle.api.internal.tasks.testing.SuiteTestClassProcessor.stop(SuiteTestClassProcessor.java:62)
	at java.base/jdk.internal.reflect.NativeMethodAccessorImpl.invoke0(Native Method)
	at java.base/jdk.internal.reflect.NativeMethodAccessorImpl.invoke(NativeMethodAccessorImpl.java:77)
	at java.base/jdk.internal.reflect.DelegatingMethodAccessorImpl.invoke(DelegatingMethodAccessorImpl.java:43)
	at java.base/java.lang.reflect.Method.invoke(Method.java:568)
	at org.gradle.internal.dispatch.ReflectionDispatch.dispatch(ReflectionDispatch.java:36)
	at org.gradle.internal.dispatch.ReflectionDispatch.dispatch(ReflectionDispatch.java:24)
	at org.gradle.internal.dispatch.ContextClassLoaderDispatch.dispatch(ContextClassLoaderDispatch.java:33)
	at org.gradle.internal.dispatch.ProxyDispatchAdapter$DispatchingInvocationHandler.invoke(ProxyDispatchAdapter.java:94)
	at jdk.proxy1/jdk.proxy1.$Proxy2.stop(Unknown Source)
	at org.gradle.api.internal.tasks.testing.worker.TestWorker$3.run(TestWorker.java:193)
	at org.gradle.api.internal.tasks.testing.worker.TestWorker.executeAndMaintainThreadName(TestWorker.java:129)
	at org.gradle.api.internal.tasks.testing.worker.TestWorker.execute(TestWorker.java:100)
	at org.gradle.api.internal.tasks.testing.worker.TestWorker.execute(TestWorker.java:60)
	at org.gradle.process.internal.worker.child.ActionExecutionWorker.execute(ActionExecutionWorker.java:56)
	at org.gradle.process.internal.worker.child.SystemApplicationClassLoaderWorker.call(SystemApplicationClassLoaderWorker.java:113)
	at org.gradle.process.internal.worker.child.SystemApplicationClassLoaderWorker.call(SystemApplicationClassLoaderWorker.java:65)
	at worker.org.gradle.process.internal.worker.GradleWorkerMain.run(GradleWorkerMain.java:69)
	at worker.org.gradle.process.internal.worker.GradleWorkerMain.main(GradleWorkerMain.java:74)

Mar 25, 2025 11:54:53 PM seedu.internsprint.command.CommandResult <init>
INFO: Multiple feedback provided to user...
Mar 25, 2025 11:54:53 PM seedu.internsprint.command.EditCommand execute
INFO: Entering execute for edit command...
Mar 25, 2025 11:54:53 PM seedu.internsprint.command.EditCommand isValidParameters
INFO: Entering check for parameters in edit command.
Mar 25, 2025 11:54:53 PM seedu.internsprint.command.EditCommand editParametersForFoundInternships
INFO: Editing given parameters...
Mar 25, 2025 11:54:53 PM seedu.internsprint.handler.StorageHandler saveInternships
INFO: Saving Internships to file ...
Mar 25, 2025 11:54:53 PM seedu.internsprint.handler.StorageHandler saveInternships
INFO: Successfully saved 2 Internships to file C:\Users\Nikita\Desktop\cs2113\tp\data\internships.txt
Mar 25, 2025 11:54:53 PM seedu.internsprint.command.EditCommand execute
INFO: Finished processing for exit command
Mar 25, 2025 11:54:53 PM seedu.internsprint.command.CommandResult <init>
INFO: Multiple feedback provided to user...
Mar 25, 2025 11:54:53 PM seedu.internsprint.command.EditCommand isValidParameters
INFO: Entering check for parameters in edit command.
Mar 25, 2025 11:54:53 PM seedu.internsprint.command.EditCommand isValidParameters
INFO: Entering check for parameters in edit command.
Mar 25, 2025 11:54:53 PM seedu.internsprint.command.EditCommand isValidParameters
WARNING: There is no specified index.
Mar 25, 2025 11:54:53 PM seedu.internsprint.command.EditCommand isValidParameters
INFO: Entering check for parameters in edit command.
Mar 25, 2025 11:54:53 PM seedu.internsprint.command.EditCommand isValidParameters
WARNING: There is a flag that is out of specified optional parameters.
Mar 25, 2025 11:54:53 PM seedu.internsprint.command.EditCommand execute
INFO: Entering execute for edit command...
Mar 25, 2025 11:54:53 PM seedu.internsprint.command.EditCommand isValidParameters
INFO: Entering check for parameters in edit command.
Mar 25, 2025 11:54:53 PM seedu.internsprint.command.EditCommand editParametersForFoundInternships
INFO: Editing given parameters...
Mar 25, 2025 11:54:53 PM seedu.internsprint.handler.StorageHandler saveInternships
INFO: Saving Internships to file ...
Mar 25, 2025 11:54:53 PM seedu.internsprint.handler.StorageHandler saveInternships
INFO: Successfully saved 1 Internships to file C:\Users\Nikita\Desktop\cs2113\tp\data\internships.txt
Mar 25, 2025 11:54:53 PM seedu.internsprint.command.EditCommand execute
INFO: Finished processing for exit command
Mar 25, 2025 11:54:53 PM seedu.internsprint.command.CommandResult <init>
INFO: Multiple feedback provided to user...
Mar 25, 2025 11:54:53 PM seedu.internsprint.command.EditCommand execute
INFO: Entering execute for edit command...
Mar 25, 2025 11:54:53 PM seedu.internsprint.command.EditCommand isValidParameters
INFO: Entering check for parameters in edit command.
Mar 25, 2025 11:54:53 PM seedu.internsprint.command.EditCommand editParametersForFoundInternships
INFO: Editing given parameters...
Mar 25, 2025 11:54:53 PM seedu.internsprint.handler.StorageHandler saveInternships
INFO: Saving Internships to file ...
Mar 25, 2025 11:54:53 PM seedu.internsprint.handler.StorageHandler saveInternships
INFO: Successfully saved 1 Internships to file C:\Users\Nikita\Desktop\cs2113\tp\data\internships.txt
Mar 25, 2025 11:54:53 PM seedu.internsprint.command.EditCommand execute
INFO: Finished processing for exit command
Mar 25, 2025 11:54:53 PM seedu.internsprint.command.CommandResult <init>
INFO: Multiple feedback provided to user...
Mar 25, 2025 11:54:53 PM seedu.internsprint.command.EditCommand execute
INFO: Entering execute for edit command...
Mar 25, 2025 11:54:53 PM seedu.internsprint.command.EditCommand isValidParameters
INFO: Entering check for parameters in edit command.
Mar 25, 2025 11:54:53 PM seedu.internsprint.command.EditCommand editParametersForFoundInternships
INFO: Editing given parameters...
Mar 25, 2025 11:54:53 PM seedu.internsprint.handler.StorageHandler saveInternships
INFO: Saving Internships to file ...
Mar 25, 2025 11:54:53 PM seedu.internsprint.handler.StorageHandler saveInternships
INFO: Successfully saved 1 Internships to file C:\Users\Nikita\Desktop\cs2113\tp\data\internships.txt
Mar 25, 2025 11:54:53 PM seedu.internsprint.command.EditCommand execute
INFO: Finished processing for exit command
Mar 25, 2025 11:54:53 PM seedu.internsprint.command.CommandResult <init>
INFO: Multiple feedback provided to user...
Mar 25, 2025 11:54:53 PM seedu.internsprint.command.EditCommand execute
INFO: Entering execute for edit command...
Mar 25, 2025 11:54:53 PM seedu.internsprint.command.EditCommand isValidParameters
INFO: Entering check for parameters in edit command.
Mar 25, 2025 11:54:53 PM seedu.internsprint.command.EditCommand editParametersForFoundInternships
INFO: Editing given parameters...
Mar 25, 2025 11:54:53 PM seedu.internsprint.command.CommandResult <init>
INFO: Multiple feedback provided to user...
Mar 25, 2025 11:54:53 PM seedu.internsprint.command.EditCommand isValidParameters
INFO: Entering check for parameters in edit command.
Mar 25, 2025 11:54:53 PM seedu.internsprint.command.EditCommand isValidParameters
WARNING: There is no specified index.
Mar 25, 2025 11:54:53 PM seedu.internsprint.command.EditCommand execute
INFO: Entering execute for edit command...
Mar 25, 2025 11:54:53 PM seedu.internsprint.command.EditCommand isValidParameters
INFO: Entering check for parameters in edit command.
Mar 25, 2025 11:54:53 PM seedu.internsprint.command.EditCommand editParametersForFoundInternships
INFO: Editing given parameters...
Mar 25, 2025 11:54:53 PM seedu.internsprint.handler.StorageHandler saveInternships
INFO: Saving Internships to file ...
Mar 25, 2025 11:54:53 PM seedu.internsprint.handler.StorageHandler saveInternships
INFO: Successfully saved 1 Internships to file C:\Users\Nikita\Desktop\cs2113\tp\data\internships.txt
Mar 25, 2025 11:54:53 PM seedu.internsprint.command.EditCommand execute
INFO: Finished processing for exit command
Mar 25, 2025 11:54:53 PM seedu.internsprint.command.CommandResult <init>
INFO: Multiple feedback provided to user...
Mar 25, 2025 11:54:53 PM seedu.internsprint.command.EditCommand execute
INFO: Entering execute for edit command...
Mar 25, 2025 11:54:53 PM seedu.internsprint.command.EditCommand isValidParameters
INFO: Entering check for parameters in edit command.
Mar 25, 2025 11:54:53 PM seedu.internsprint.command.EditCommand editParametersForFoundInternships
INFO: Editing given parameters...
Mar 25, 2025 11:54:53 PM seedu.internsprint.command.EditCommand execute
WARNING: Internship not found
Mar 25, 2025 11:54:53 PM seedu.internsprint.command.CommandResult <init>
INFO: One line of feedback provided to user...
Mar 25, 2025 11:54:53 PM seedu.internsprint.command.HelpCommand execute
INFO: Starting Help Command processing
Mar 25, 2025 11:54:53 PM seedu.internsprint.command.HelpCommand execute
INFO: End of Help Command processing
Mar 25, 2025 11:54:53 PM seedu.internsprint.command.CommandResult <init>
INFO: One line of feedback provided to user...
Mar 25, 2025 11:54:53 PM seedu.internsprint.command.HelpCommand execute
INFO: Starting Help Command processing
Mar 25, 2025 11:54:53 PM seedu.internsprint.command.HelpCommand execute
INFO: End of Help Command processing
Mar 25, 2025 11:54:53 PM seedu.internsprint.command.CommandResult <init>
INFO: One line of feedback provided to user...
Mar 25, 2025 11:54:53 PM seedu.internsprint.command.HelpCommand execute
INFO: Starting Help Command processing
Mar 25, 2025 11:54:53 PM seedu.internsprint.command.HelpCommand execute
WARNING: Invalid parameters processing error
Mar 25, 2025 11:54:53 PM seedu.internsprint.command.CommandResult <init>
INFO: One line of feedback provided to user...
Mar 25, 2025 11:54:53 PM seedu.internsprint.command.ListCommand isValidParameters
INFO: Entering into the check for parameters in list command
Mar 25, 2025 11:54:53 PM seedu.internsprint.command.ListCommand execute
INFO: Executing list command
Mar 25, 2025 11:54:53 PM seedu.internsprint.command.ListCommand execute
INFO: Internships listed successfully
Mar 25, 2025 11:54:53 PM seedu.internsprint.command.CommandResult <init>
INFO: Multiple feedback provided to user...
Mar 25, 2025 11:54:53 PM seedu.internsprint.command.ListCommand isValidParameters
INFO: Entering into the check for parameters in list command
Mar 25, 2025 11:57:37 PM seedu.internsprint.command.AddCommand execute
INFO: Executing add command
Mar 25, 2025 11:57:37 PM seedu.internsprint.command.AddSoftwareCommand createInternship
INFO: Creating Software Internship
Mar 25, 2025 11:57:37 PM seedu.internsprint.command.CommandResult <init>
INFO: One line of feedback provided to user...
Mar 25, 2025 11:57:37 PM seedu.internsprint.command.AddGeneralCommand createInternship
INFO: Creating General Internship
Mar 25, 2025 11:57:37 PM seedu.internsprint.command.AddGeneralCommand createInternship
INFO: Creating General Internship
Mar 25, 2025 11:57:37 PM seedu.internsprint.command.AddGeneralCommand createInternship
INFO: Creating General Internship
Mar 25, 2025 11:57:37 PM seedu.internsprint.command.AddGeneralCommand createInternship
INFO: Creating General Internship
Mar 25, 2025 11:57:37 PM seedu.internsprint.command.AddGeneralCommand createInternship
INFO: Creating General Internship
Mar 25, 2025 11:57:37 PM seedu.internsprint.command.AddGeneralCommand createInternship
INFO: Creating General Internship
Mar 25, 2025 11:57:37 PM seedu.internsprint.command.AddGeneralCommand createInternship
INFO: Creating General Internship
Mar 25, 2025 11:57:37 PM seedu.internsprint.command.AddGeneralCommand createInternship
INFO: Creating General Internship
Mar 25, 2025 11:57:37 PM seedu.internsprint.command.AddGeneralCommand createInternship
INFO: Creating General Internship
Mar 25, 2025 11:57:37 PM seedu.internsprint.command.AddGeneralCommand createInternship
INFO: Creating General Internship
Mar 25, 2025 11:57:37 PM seedu.internsprint.command.AddGeneralCommand createInternship
INFO: Creating General Internship
Mar 25, 2025 11:57:37 PM seedu.internsprint.command.AddGeneralCommand createInternship
INFO: Creating General Internship
Mar 25, 2025 11:57:37 PM seedu.internsprint.command.AddGeneralCommand createInternship
INFO: Creating General Internship
Mar 25, 2025 11:57:37 PM seedu.internsprint.command.AddHardwareCommand createInternship
INFO: Creating Hardware Internship
Mar 25, 2025 11:57:37 PM seedu.internsprint.command.AddHardwareCommand createInternship
INFO: Creating Hardware Internship
Mar 25, 2025 11:57:37 PM seedu.internsprint.command.AddHardwareCommand createInternship
INFO: Creating Hardware Internship
Mar 25, 2025 11:57:37 PM seedu.internsprint.command.AddHardwareCommand createInternship
INFO: Creating Hardware Internship
Mar 25, 2025 11:57:37 PM seedu.internsprint.command.AddHardwareCommand createInternship
INFO: Creating Hardware Internship
Mar 25, 2025 11:57:37 PM seedu.internsprint.command.AddSoftwareCommand createInternship
INFO: Creating Software Internship
Mar 25, 2025 11:57:37 PM seedu.internsprint.command.AddSoftwareCommand createInternship
INFO: Creating Software Internship
Mar 25, 2025 11:57:37 PM seedu.internsprint.command.AddSoftwareCommand createInternship
INFO: Creating Software Internship
Mar 25, 2025 11:57:37 PM seedu.internsprint.command.AddSoftwareCommand createInternship
INFO: Creating Software Internship
Mar 25, 2025 11:57:37 PM seedu.internsprint.command.AddSoftwareCommand createInternship
INFO: Creating Software Internship
Mar 25, 2025 11:57:37 PM seedu.internsprint.command.DeleteCommand execute
INFO: Starting Delete Command processing
Mar 25, 2025 11:57:37 PM seedu.internsprint.command.DeleteCommand execute
INFO: Parameters in DeleteCommand: {}
Mar 25, 2025 11:57:37 PM seedu.internsprint.command.CommandResult <init>
INFO: Multiple feedback provided to user...
Mar 25, 2025 11:57:37 PM seedu.internsprint.command.DeleteCommand execute
WARNING: Missing index processing error
Mar 25, 2025 11:57:37 PM seedu.internsprint.command.DeleteCommand execute
INFO: Starting Delete Command processing
Mar 25, 2025 11:57:37 PM seedu.internsprint.command.DeleteCommand execute
INFO: Parameters in DeleteCommand: {/index=-1}
Mar 25, 2025 11:57:37 PM seedu.internsprint.command.CommandResult <init>
INFO: Multiple feedback provided to user...
Mar 25, 2025 11:57:37 PM seedu.internsprint.command.DeleteCommand execute
WARNING: Invalid index processing error
Mar 25, 2025 11:57:37 PM seedu.internsprint.command.AddCommand execute
INFO: Executing add command
Mar 25, 2025 11:57:37 PM seedu.internsprint.command.AddCommand execute
WARNING: Invalid parameters entered
Mar 25, 2025 11:57:37 PM seedu.internsprint.command.CommandResult <init>
INFO: One line of feedback provided to user...
Mar 25, 2025 11:57:37 PM seedu.internsprint.command.AddCommand execute
INFO: Executing add command
Mar 25, 2025 11:57:37 PM seedu.internsprint.command.AddCommand execute
WARNING: Invalid parameters entered
Mar 25, 2025 11:57:37 PM seedu.internsprint.command.CommandResult <init>
INFO: One line of feedback provided to user...
Mar 25, 2025 11:57:37 PM seedu.internsprint.command.DeleteCommand execute
INFO: Starting Delete Command processing
Mar 25, 2025 11:57:37 PM seedu.internsprint.command.DeleteCommand execute
INFO: Parameters in DeleteCommand: {/index=3}
Mar 25, 2025 11:57:37 PM seedu.internsprint.command.CommandResult <init>
INFO: Multiple feedback provided to user...
Mar 25, 2025 11:57:37 PM seedu.internsprint.command.DeleteCommand execute
WARNING: Invalid index processing error
Mar 25, 2025 11:57:37 PM seedu.internsprint.command.DescriptionCommand isValidParameters
INFO: Entering check for parameters in description command.
Mar 25, 2025 11:57:37 PM seedu.internsprint.command.DescriptionCommand execute
INFO: Executing description command.
Mar 25, 2025 11:57:37 PM seedu.internsprint.command.DescriptionCommand isValidParameters
INFO: Entering check for parameters in description command.
Mar 25, 2025 11:57:37 PM seedu.internsprint.command.DescriptionCommand execute
INFO: Description of internship successfully shown to user
Mar 25, 2025 11:57:37 PM seedu.internsprint.command.CommandResult <init>
INFO: Multiple feedback provided to user...
Mar 25, 2025 11:57:37 PM seedu.internsprint.command.DescriptionCommand execute
INFO: Executing description command.
Mar 25, 2025 11:57:37 PM seedu.internsprint.command.DescriptionCommand isValidParameters
INFO: Entering check for parameters in description command.
Mar 25, 2025 11:57:37 PM seedu.internsprint.command.DescriptionCommand execute
WARNING: Index for description command is out of range.
java.lang.IllegalArgumentException: Invalid index range: Please enter a valid index within the list.
	at seedu.internsprint.handler.CommandParser.validateIndex(CommandParser.java:190)
	at seedu.internsprint.command.DescriptionCommand.execute(DescriptionCommand.java:75)
	at seedu.internsprint.command.DescriptionCommandTest.isValidParameters_provideInvalidIndex_returnsFalse(DescriptionCommandTest.java:30)
	at java.base/jdk.internal.reflect.NativeMethodAccessorImpl.invoke0(Native Method)
	at java.base/jdk.internal.reflect.NativeMethodAccessorImpl.invoke(NativeMethodAccessorImpl.java:77)
	at java.base/jdk.internal.reflect.DelegatingMethodAccessorImpl.invoke(DelegatingMethodAccessorImpl.java:43)
	at java.base/java.lang.reflect.Method.invoke(Method.java:568)
	at org.junit.platform.commons.util.ReflectionUtils.invokeMethod(ReflectionUtils.java:728)
	at org.junit.jupiter.engine.execution.MethodInvocation.proceed(MethodInvocation.java:60)
	at org.junit.jupiter.engine.execution.InvocationInterceptorChain$ValidatingInvocation.proceed(InvocationInterceptorChain.java:131)
	at org.junit.jupiter.engine.extension.TimeoutExtension.intercept(TimeoutExtension.java:156)
	at org.junit.jupiter.engine.extension.TimeoutExtension.interceptTestableMethod(TimeoutExtension.java:147)
	at org.junit.jupiter.engine.extension.TimeoutExtension.interceptTestMethod(TimeoutExtension.java:86)
	at org.junit.jupiter.engine.execution.InterceptingExecutableInvoker$ReflectiveInterceptorCall.lambda$ofVoidMethod$0(InterceptingExecutableInvoker.java:103)
	at org.junit.jupiter.engine.execution.InterceptingExecutableInvoker.lambda$invoke$0(InterceptingExecutableInvoker.java:93)
	at org.junit.jupiter.engine.execution.InvocationInterceptorChain$InterceptedInvocation.proceed(InvocationInterceptorChain.java:106)
	at org.junit.jupiter.engine.execution.InvocationInterceptorChain.proceed(InvocationInterceptorChain.java:64)
	at org.junit.jupiter.engine.execution.InvocationInterceptorChain.chainAndInvoke(InvocationInterceptorChain.java:45)
	at org.junit.jupiter.engine.execution.InvocationInterceptorChain.invoke(InvocationInterceptorChain.java:37)
	at org.junit.jupiter.engine.execution.InterceptingExecutableInvoker.invoke(InterceptingExecutableInvoker.java:92)
	at org.junit.jupiter.engine.execution.InterceptingExecutableInvoker.invoke(InterceptingExecutableInvoker.java:86)
	at org.junit.jupiter.engine.descriptor.TestMethodTestDescriptor.lambda$invokeTestMethod$7(TestMethodTestDescriptor.java:218)
	at org.junit.platform.engine.support.hierarchical.ThrowableCollector.execute(ThrowableCollector.java:73)
	at org.junit.jupiter.engine.descriptor.TestMethodTestDescriptor.invokeTestMethod(TestMethodTestDescriptor.java:214)
	at org.junit.jupiter.engine.descriptor.TestMethodTestDescriptor.execute(TestMethodTestDescriptor.java:139)
	at org.junit.jupiter.engine.descriptor.TestMethodTestDescriptor.execute(TestMethodTestDescriptor.java:69)
	at org.junit.platform.engine.support.hierarchical.NodeTestTask.lambda$executeRecursively$6(NodeTestTask.java:151)
	at org.junit.platform.engine.support.hierarchical.ThrowableCollector.execute(ThrowableCollector.java:73)
	at org.junit.platform.engine.support.hierarchical.NodeTestTask.lambda$executeRecursively$8(NodeTestTask.java:141)
	at org.junit.platform.engine.support.hierarchical.Node.around(Node.java:137)
	at org.junit.platform.engine.support.hierarchical.NodeTestTask.lambda$executeRecursively$9(NodeTestTask.java:139)
	at org.junit.platform.engine.support.hierarchical.ThrowableCollector.execute(ThrowableCollector.java:73)
	at org.junit.platform.engine.support.hierarchical.NodeTestTask.executeRecursively(NodeTestTask.java:138)
	at org.junit.platform.engine.support.hierarchical.NodeTestTask.execute(NodeTestTask.java:95)
	at java.base/java.util.ArrayList.forEach(ArrayList.java:1511)
	at org.junit.platform.engine.support.hierarchical.SameThreadHierarchicalTestExecutorService.invokeAll(SameThreadHierarchicalTestExecutorService.java:41)
	at org.junit.platform.engine.support.hierarchical.NodeTestTask.lambda$executeRecursively$6(NodeTestTask.java:155)
	at org.junit.platform.engine.support.hierarchical.ThrowableCollector.execute(ThrowableCollector.java:73)
	at org.junit.platform.engine.support.hierarchical.NodeTestTask.lambda$executeRecursively$8(NodeTestTask.java:141)
	at org.junit.platform.engine.support.hierarchical.Node.around(Node.java:137)
	at org.junit.platform.engine.support.hierarchical.NodeTestTask.lambda$executeRecursively$9(NodeTestTask.java:139)
	at org.junit.platform.engine.support.hierarchical.ThrowableCollector.execute(ThrowableCollector.java:73)
	at org.junit.platform.engine.support.hierarchical.NodeTestTask.executeRecursively(NodeTestTask.java:138)
	at org.junit.platform.engine.support.hierarchical.NodeTestTask.execute(NodeTestTask.java:95)
	at java.base/java.util.ArrayList.forEach(ArrayList.java:1511)
	at org.junit.platform.engine.support.hierarchical.SameThreadHierarchicalTestExecutorService.invokeAll(SameThreadHierarchicalTestExecutorService.java:41)
	at org.junit.platform.engine.support.hierarchical.NodeTestTask.lambda$executeRecursively$6(NodeTestTask.java:155)
	at org.junit.platform.engine.support.hierarchical.ThrowableCollector.execute(ThrowableCollector.java:73)
	at org.junit.platform.engine.support.hierarchical.NodeTestTask.lambda$executeRecursively$8(NodeTestTask.java:141)
	at org.junit.platform.engine.support.hierarchical.Node.around(Node.java:137)
	at org.junit.platform.engine.support.hierarchical.NodeTestTask.lambda$executeRecursively$9(NodeTestTask.java:139)
	at org.junit.platform.engine.support.hierarchical.ThrowableCollector.execute(ThrowableCollector.java:73)
	at org.junit.platform.engine.support.hierarchical.NodeTestTask.executeRecursively(NodeTestTask.java:138)
	at org.junit.platform.engine.support.hierarchical.NodeTestTask.execute(NodeTestTask.java:95)
	at org.junit.platform.engine.support.hierarchical.SameThreadHierarchicalTestExecutorService.submit(SameThreadHierarchicalTestExecutorService.java:35)
	at org.junit.platform.engine.support.hierarchical.HierarchicalTestExecutor.execute(HierarchicalTestExecutor.java:57)
	at org.junit.platform.engine.support.hierarchical.HierarchicalTestEngine.execute(HierarchicalTestEngine.java:54)
	at org.junit.platform.launcher.core.EngineExecutionOrchestrator.execute(EngineExecutionOrchestrator.java:107)
	at org.junit.platform.launcher.core.EngineExecutionOrchestrator.execute(EngineExecutionOrchestrator.java:88)
	at org.junit.platform.launcher.core.EngineExecutionOrchestrator.lambda$execute$0(EngineExecutionOrchestrator.java:54)
	at org.junit.platform.launcher.core.EngineExecutionOrchestrator.withInterceptedStreams(EngineExecutionOrchestrator.java:67)
	at org.junit.platform.launcher.core.EngineExecutionOrchestrator.execute(EngineExecutionOrchestrator.java:52)
	at org.junit.platform.launcher.core.DefaultLauncher.execute(DefaultLauncher.java:114)
	at org.junit.platform.launcher.core.DefaultLauncher.execute(DefaultLauncher.java:86)
	at org.junit.platform.launcher.core.DefaultLauncherSession$DelegatingLauncher.execute(DefaultLauncherSession.java:86)
	at org.junit.platform.launcher.core.SessionPerRequestLauncher.execute(SessionPerRequestLauncher.java:53)
	at org.gradle.api.internal.tasks.testing.junitplatform.JUnitPlatformTestClassProcessor$CollectAllTestClassesExecutor.processAllTestClasses(JUnitPlatformTestClassProcessor.java:99)
	at org.gradle.api.internal.tasks.testing.junitplatform.JUnitPlatformTestClassProcessor$CollectAllTestClassesExecutor.access$000(JUnitPlatformTestClassProcessor.java:79)
	at org.gradle.api.internal.tasks.testing.junitplatform.JUnitPlatformTestClassProcessor.stop(JUnitPlatformTestClassProcessor.java:75)
	at org.gradle.api.internal.tasks.testing.SuiteTestClassProcessor.stop(SuiteTestClassProcessor.java:62)
	at java.base/jdk.internal.reflect.NativeMethodAccessorImpl.invoke0(Native Method)
	at java.base/jdk.internal.reflect.NativeMethodAccessorImpl.invoke(NativeMethodAccessorImpl.java:77)
	at java.base/jdk.internal.reflect.DelegatingMethodAccessorImpl.invoke(DelegatingMethodAccessorImpl.java:43)
	at java.base/java.lang.reflect.Method.invoke(Method.java:568)
	at org.gradle.internal.dispatch.ReflectionDispatch.dispatch(ReflectionDispatch.java:36)
	at org.gradle.internal.dispatch.ReflectionDispatch.dispatch(ReflectionDispatch.java:24)
	at org.gradle.internal.dispatch.ContextClassLoaderDispatch.dispatch(ContextClassLoaderDispatch.java:33)
	at org.gradle.internal.dispatch.ProxyDispatchAdapter$DispatchingInvocationHandler.invoke(ProxyDispatchAdapter.java:94)
	at jdk.proxy1/jdk.proxy1.$Proxy2.stop(Unknown Source)
	at org.gradle.api.internal.tasks.testing.worker.TestWorker$3.run(TestWorker.java:193)
	at org.gradle.api.internal.tasks.testing.worker.TestWorker.executeAndMaintainThreadName(TestWorker.java:129)
	at org.gradle.api.internal.tasks.testing.worker.TestWorker.execute(TestWorker.java:100)
	at org.gradle.api.internal.tasks.testing.worker.TestWorker.execute(TestWorker.java:60)
	at org.gradle.process.internal.worker.child.ActionExecutionWorker.execute(ActionExecutionWorker.java:56)
	at org.gradle.process.internal.worker.child.SystemApplicationClassLoaderWorker.call(SystemApplicationClassLoaderWorker.java:113)
	at org.gradle.process.internal.worker.child.SystemApplicationClassLoaderWorker.call(SystemApplicationClassLoaderWorker.java:65)
	at worker.org.gradle.process.internal.worker.GradleWorkerMain.run(GradleWorkerMain.java:69)
	at worker.org.gradle.process.internal.worker.GradleWorkerMain.main(GradleWorkerMain.java:74)

Mar 25, 2025 11:57:37 PM seedu.internsprint.command.CommandResult <init>
INFO: Multiple feedback provided to user...
Mar 25, 2025 11:57:37 PM seedu.internsprint.command.EditCommand execute
INFO: Entering execute for edit command...
Mar 25, 2025 11:57:37 PM seedu.internsprint.command.EditCommand isValidParameters
INFO: Entering check for parameters in edit command.
Mar 25, 2025 11:57:37 PM seedu.internsprint.command.EditCommand editParametersForFoundInternships
INFO: Editing given parameters...
Mar 25, 2025 11:57:37 PM seedu.internsprint.handler.StorageHandler saveInternships
INFO: Saving Internships to file ...
Mar 25, 2025 11:57:37 PM seedu.internsprint.handler.StorageHandler saveInternships
INFO: Successfully saved 2 Internships to file C:\Users\Nikita\Desktop\cs2113\tp\data\internships.txt
Mar 25, 2025 11:57:37 PM seedu.internsprint.command.EditCommand execute
INFO: Finished processing for exit command
Mar 25, 2025 11:57:37 PM seedu.internsprint.command.CommandResult <init>
INFO: Multiple feedback provided to user...
Mar 25, 2025 11:57:37 PM seedu.internsprint.command.EditCommand isValidParameters
INFO: Entering check for parameters in edit command.
Mar 25, 2025 11:57:37 PM seedu.internsprint.command.EditCommand isValidParameters
INFO: Entering check for parameters in edit command.
Mar 25, 2025 11:57:37 PM seedu.internsprint.command.EditCommand isValidParameters
WARNING: There is no specified index.
Mar 25, 2025 11:57:37 PM seedu.internsprint.command.EditCommand isValidParameters
INFO: Entering check for parameters in edit command.
Mar 25, 2025 11:57:37 PM seedu.internsprint.command.EditCommand isValidParameters
WARNING: There is a flag that is out of specified optional parameters.
Mar 25, 2025 11:57:37 PM seedu.internsprint.command.EditCommand execute
INFO: Entering execute for edit command...
Mar 25, 2025 11:57:37 PM seedu.internsprint.command.EditCommand isValidParameters
INFO: Entering check for parameters in edit command.
Mar 25, 2025 11:57:37 PM seedu.internsprint.command.EditCommand editParametersForFoundInternships
INFO: Editing given parameters...
Mar 25, 2025 11:57:37 PM seedu.internsprint.handler.StorageHandler saveInternships
INFO: Saving Internships to file ...
Mar 25, 2025 11:57:37 PM seedu.internsprint.handler.StorageHandler saveInternships
INFO: Successfully saved 1 Internships to file C:\Users\Nikita\Desktop\cs2113\tp\data\internships.txt
Mar 25, 2025 11:57:37 PM seedu.internsprint.command.EditCommand execute
INFO: Finished processing for exit command
Mar 25, 2025 11:57:37 PM seedu.internsprint.command.CommandResult <init>
INFO: Multiple feedback provided to user...
Mar 25, 2025 11:57:37 PM seedu.internsprint.command.EditCommand execute
INFO: Entering execute for edit command...
Mar 25, 2025 11:57:37 PM seedu.internsprint.command.EditCommand isValidParameters
INFO: Entering check for parameters in edit command.
Mar 25, 2025 11:57:37 PM seedu.internsprint.command.EditCommand editParametersForFoundInternships
INFO: Editing given parameters...
Mar 25, 2025 11:57:37 PM seedu.internsprint.handler.StorageHandler saveInternships
INFO: Saving Internships to file ...
Mar 25, 2025 11:57:37 PM seedu.internsprint.handler.StorageHandler saveInternships
INFO: Successfully saved 1 Internships to file C:\Users\Nikita\Desktop\cs2113\tp\data\internships.txt
Mar 25, 2025 11:57:37 PM seedu.internsprint.command.EditCommand execute
INFO: Finished processing for exit command
Mar 25, 2025 11:57:37 PM seedu.internsprint.command.CommandResult <init>
INFO: Multiple feedback provided to user...
Mar 25, 2025 11:57:37 PM seedu.internsprint.command.EditCommand execute
INFO: Entering execute for edit command...
Mar 25, 2025 11:57:37 PM seedu.internsprint.command.EditCommand isValidParameters
INFO: Entering check for parameters in edit command.
Mar 25, 2025 11:57:37 PM seedu.internsprint.command.EditCommand editParametersForFoundInternships
INFO: Editing given parameters...
Mar 25, 2025 11:57:37 PM seedu.internsprint.handler.StorageHandler saveInternships
INFO: Saving Internships to file ...
Mar 25, 2025 11:57:37 PM seedu.internsprint.handler.StorageHandler saveInternships
INFO: Successfully saved 1 Internships to file C:\Users\Nikita\Desktop\cs2113\tp\data\internships.txt
Mar 25, 2025 11:57:37 PM seedu.internsprint.command.EditCommand execute
INFO: Finished processing for exit command
Mar 25, 2025 11:57:37 PM seedu.internsprint.command.CommandResult <init>
INFO: Multiple feedback provided to user...
Mar 25, 2025 11:57:37 PM seedu.internsprint.command.EditCommand execute
INFO: Entering execute for edit command...
Mar 25, 2025 11:57:37 PM seedu.internsprint.command.EditCommand isValidParameters
INFO: Entering check for parameters in edit command.
Mar 25, 2025 11:57:37 PM seedu.internsprint.command.EditCommand editParametersForFoundInternships
INFO: Editing given parameters...
Mar 25, 2025 11:57:37 PM seedu.internsprint.command.CommandResult <init>
INFO: Multiple feedback provided to user...
Mar 25, 2025 11:57:37 PM seedu.internsprint.command.EditCommand isValidParameters
INFO: Entering check for parameters in edit command.
Mar 25, 2025 11:57:37 PM seedu.internsprint.command.EditCommand isValidParameters
WARNING: There is no specified index.
Mar 25, 2025 11:57:37 PM seedu.internsprint.command.EditCommand execute
INFO: Entering execute for edit command...
Mar 25, 2025 11:57:37 PM seedu.internsprint.command.EditCommand isValidParameters
INFO: Entering check for parameters in edit command.
Mar 25, 2025 11:57:37 PM seedu.internsprint.command.EditCommand editParametersForFoundInternships
INFO: Editing given parameters...
Mar 25, 2025 11:57:37 PM seedu.internsprint.handler.StorageHandler saveInternships
INFO: Saving Internships to file ...
Mar 25, 2025 11:57:37 PM seedu.internsprint.handler.StorageHandler saveInternships
INFO: Successfully saved 1 Internships to file C:\Users\Nikita\Desktop\cs2113\tp\data\internships.txt
Mar 25, 2025 11:57:37 PM seedu.internsprint.command.EditCommand execute
INFO: Finished processing for exit command
Mar 25, 2025 11:57:37 PM seedu.internsprint.command.CommandResult <init>
INFO: Multiple feedback provided to user...
Mar 25, 2025 11:57:37 PM seedu.internsprint.command.EditCommand execute
INFO: Entering execute for edit command...
Mar 25, 2025 11:57:37 PM seedu.internsprint.command.EditCommand isValidParameters
INFO: Entering check for parameters in edit command.
Mar 25, 2025 11:57:37 PM seedu.internsprint.command.EditCommand editParametersForFoundInternships
INFO: Editing given parameters...
Mar 25, 2025 11:57:37 PM seedu.internsprint.command.EditCommand execute
WARNING: Internship not found
Mar 25, 2025 11:57:37 PM seedu.internsprint.command.CommandResult <init>
INFO: One line of feedback provided to user...
Mar 25, 2025 11:57:37 PM seedu.internsprint.command.HelpCommand execute
INFO: Starting Help Command processing
Mar 25, 2025 11:57:37 PM seedu.internsprint.command.HelpCommand execute
INFO: End of Help Command processing
Mar 25, 2025 11:57:37 PM seedu.internsprint.command.CommandResult <init>
INFO: One line of feedback provided to user...
Mar 25, 2025 11:57:37 PM seedu.internsprint.command.HelpCommand execute
INFO: Starting Help Command processing
Mar 25, 2025 11:57:37 PM seedu.internsprint.command.HelpCommand execute
INFO: End of Help Command processing
Mar 25, 2025 11:57:37 PM seedu.internsprint.command.CommandResult <init>
INFO: One line of feedback provided to user...
Mar 25, 2025 11:57:37 PM seedu.internsprint.command.HelpCommand execute
INFO: Starting Help Command processing
Mar 25, 2025 11:57:37 PM seedu.internsprint.command.HelpCommand execute
WARNING: Invalid parameters processing error
Mar 25, 2025 11:57:37 PM seedu.internsprint.command.CommandResult <init>
INFO: One line of feedback provided to user...
Mar 25, 2025 11:57:37 PM seedu.internsprint.command.ListCommand isValidParameters
INFO: Entering into the check for parameters in list command
Mar 25, 2025 11:57:37 PM seedu.internsprint.command.ListCommand execute
INFO: Executing list command
Mar 25, 2025 11:57:37 PM seedu.internsprint.command.ListCommand execute
INFO: Internships listed successfully
Mar 25, 2025 11:57:37 PM seedu.internsprint.command.CommandResult <init>
INFO: Multiple feedback provided to user...
Mar 25, 2025 11:57:37 PM seedu.internsprint.command.ListCommand isValidParameters
INFO: Entering into the check for parameters in list command
Mar 25, 2025 11:58:20 PM seedu.internsprint.command.AddCommand execute
INFO: Executing add command
Mar 25, 2025 11:58:20 PM seedu.internsprint.command.AddSoftwareCommand createInternship
INFO: Creating Software Internship
Mar 25, 2025 11:58:20 PM seedu.internsprint.command.CommandResult <init>
INFO: One line of feedback provided to user...
Mar 25, 2025 11:58:20 PM seedu.internsprint.command.AddGeneralCommand createInternship
INFO: Creating General Internship
Mar 25, 2025 11:58:20 PM seedu.internsprint.command.AddGeneralCommand createInternship
INFO: Creating General Internship
Mar 25, 2025 11:58:20 PM seedu.internsprint.command.AddGeneralCommand createInternship
INFO: Creating General Internship
Mar 25, 2025 11:58:20 PM seedu.internsprint.command.AddGeneralCommand createInternship
INFO: Creating General Internship
Mar 25, 2025 11:58:20 PM seedu.internsprint.command.AddGeneralCommand createInternship
INFO: Creating General Internship
Mar 25, 2025 11:58:20 PM seedu.internsprint.command.AddGeneralCommand createInternship
INFO: Creating General Internship
Mar 25, 2025 11:58:20 PM seedu.internsprint.command.AddGeneralCommand createInternship
INFO: Creating General Internship
Mar 25, 2025 11:58:20 PM seedu.internsprint.command.AddGeneralCommand createInternship
INFO: Creating General Internship
Mar 25, 2025 11:58:20 PM seedu.internsprint.command.AddGeneralCommand createInternship
INFO: Creating General Internship
Mar 25, 2025 11:58:20 PM seedu.internsprint.command.AddGeneralCommand createInternship
INFO: Creating General Internship
Mar 25, 2025 11:58:20 PM seedu.internsprint.command.AddGeneralCommand createInternship
INFO: Creating General Internship
Mar 25, 2025 11:58:20 PM seedu.internsprint.command.AddGeneralCommand createInternship
INFO: Creating General Internship
Mar 25, 2025 11:58:20 PM seedu.internsprint.command.AddGeneralCommand createInternship
INFO: Creating General Internship
Mar 25, 2025 11:58:20 PM seedu.internsprint.command.AddHardwareCommand createInternship
INFO: Creating Hardware Internship
Mar 25, 2025 11:58:20 PM seedu.internsprint.command.AddHardwareCommand createInternship
INFO: Creating Hardware Internship
Mar 25, 2025 11:58:20 PM seedu.internsprint.command.AddHardwareCommand createInternship
INFO: Creating Hardware Internship
Mar 25, 2025 11:58:20 PM seedu.internsprint.command.AddHardwareCommand createInternship
INFO: Creating Hardware Internship
Mar 25, 2025 11:58:20 PM seedu.internsprint.command.AddHardwareCommand createInternship
INFO: Creating Hardware Internship
Mar 25, 2025 11:58:20 PM seedu.internsprint.command.AddSoftwareCommand createInternship
INFO: Creating Software Internship
Mar 25, 2025 11:58:20 PM seedu.internsprint.command.AddSoftwareCommand createInternship
INFO: Creating Software Internship
Mar 25, 2025 11:58:20 PM seedu.internsprint.command.AddSoftwareCommand createInternship
INFO: Creating Software Internship
Mar 25, 2025 11:58:20 PM seedu.internsprint.command.AddSoftwareCommand createInternship
INFO: Creating Software Internship
Mar 25, 2025 11:58:20 PM seedu.internsprint.command.AddSoftwareCommand createInternship
INFO: Creating Software Internship
Mar 25, 2025 11:58:20 PM seedu.internsprint.command.DeleteCommand execute
INFO: Starting Delete Command processing
Mar 25, 2025 11:58:20 PM seedu.internsprint.command.DeleteCommand execute
INFO: Parameters in DeleteCommand: {}
Mar 25, 2025 11:58:20 PM seedu.internsprint.command.CommandResult <init>
INFO: Multiple feedback provided to user...
Mar 25, 2025 11:58:20 PM seedu.internsprint.command.DeleteCommand execute
WARNING: Missing index processing error
Mar 25, 2025 11:58:20 PM seedu.internsprint.command.DeleteCommand execute
INFO: Starting Delete Command processing
Mar 25, 2025 11:58:20 PM seedu.internsprint.command.DeleteCommand execute
INFO: Parameters in DeleteCommand: {/index=-1}
Mar 25, 2025 11:58:20 PM seedu.internsprint.command.CommandResult <init>
INFO: Multiple feedback provided to user...
Mar 25, 2025 11:58:20 PM seedu.internsprint.command.DeleteCommand execute
WARNING: Invalid index processing error
Mar 25, 2025 11:58:20 PM seedu.internsprint.command.AddCommand execute
INFO: Executing add command
Mar 25, 2025 11:58:20 PM seedu.internsprint.command.AddCommand execute
WARNING: Invalid parameters entered
Mar 25, 2025 11:58:20 PM seedu.internsprint.command.CommandResult <init>
INFO: One line of feedback provided to user...
Mar 25, 2025 11:58:20 PM seedu.internsprint.command.AddCommand execute
INFO: Executing add command
Mar 25, 2025 11:58:20 PM seedu.internsprint.command.AddCommand execute
WARNING: Invalid parameters entered
Mar 25, 2025 11:58:20 PM seedu.internsprint.command.CommandResult <init>
INFO: One line of feedback provided to user...
Mar 25, 2025 11:58:20 PM seedu.internsprint.command.DeleteCommand execute
INFO: Starting Delete Command processing
Mar 25, 2025 11:58:20 PM seedu.internsprint.command.DeleteCommand execute
INFO: Parameters in DeleteCommand: {/index=3}
Mar 25, 2025 11:58:20 PM seedu.internsprint.command.CommandResult <init>
INFO: Multiple feedback provided to user...
Mar 25, 2025 11:58:20 PM seedu.internsprint.command.DeleteCommand execute
WARNING: Invalid index processing error
Mar 25, 2025 11:58:20 PM seedu.internsprint.command.DescriptionCommand isValidParameters
INFO: Entering check for parameters in description command.
Mar 25, 2025 11:58:20 PM seedu.internsprint.command.DescriptionCommand execute
INFO: Executing description command.
Mar 25, 2025 11:58:20 PM seedu.internsprint.command.DescriptionCommand isValidParameters
INFO: Entering check for parameters in description command.
Mar 25, 2025 11:58:20 PM seedu.internsprint.command.DescriptionCommand execute
INFO: Description of internship successfully shown to user
Mar 25, 2025 11:58:20 PM seedu.internsprint.command.CommandResult <init>
INFO: Multiple feedback provided to user...
Mar 25, 2025 11:58:20 PM seedu.internsprint.command.DescriptionCommand execute
INFO: Executing description command.
Mar 25, 2025 11:58:20 PM seedu.internsprint.command.DescriptionCommand isValidParameters
INFO: Entering check for parameters in description command.
Mar 25, 2025 11:58:20 PM seedu.internsprint.command.DescriptionCommand execute
WARNING: Index for description command is out of range.
java.lang.IllegalArgumentException: Invalid index range: Please enter a valid index within the list.
	at seedu.internsprint.handler.CommandParser.validateIndex(CommandParser.java:190)
	at seedu.internsprint.command.DescriptionCommand.execute(DescriptionCommand.java:75)
	at seedu.internsprint.command.DescriptionCommandTest.isValidParameters_provideInvalidIndex_returnsFalse(DescriptionCommandTest.java:30)
	at java.base/jdk.internal.reflect.NativeMethodAccessorImpl.invoke0(Native Method)
	at java.base/jdk.internal.reflect.NativeMethodAccessorImpl.invoke(NativeMethodAccessorImpl.java:77)
	at java.base/jdk.internal.reflect.DelegatingMethodAccessorImpl.invoke(DelegatingMethodAccessorImpl.java:43)
	at java.base/java.lang.reflect.Method.invoke(Method.java:568)
	at org.junit.platform.commons.util.ReflectionUtils.invokeMethod(ReflectionUtils.java:728)
	at org.junit.jupiter.engine.execution.MethodInvocation.proceed(MethodInvocation.java:60)
	at org.junit.jupiter.engine.execution.InvocationInterceptorChain$ValidatingInvocation.proceed(InvocationInterceptorChain.java:131)
	at org.junit.jupiter.engine.extension.TimeoutExtension.intercept(TimeoutExtension.java:156)
	at org.junit.jupiter.engine.extension.TimeoutExtension.interceptTestableMethod(TimeoutExtension.java:147)
	at org.junit.jupiter.engine.extension.TimeoutExtension.interceptTestMethod(TimeoutExtension.java:86)
	at org.junit.jupiter.engine.execution.InterceptingExecutableInvoker$ReflectiveInterceptorCall.lambda$ofVoidMethod$0(InterceptingExecutableInvoker.java:103)
	at org.junit.jupiter.engine.execution.InterceptingExecutableInvoker.lambda$invoke$0(InterceptingExecutableInvoker.java:93)
	at org.junit.jupiter.engine.execution.InvocationInterceptorChain$InterceptedInvocation.proceed(InvocationInterceptorChain.java:106)
	at org.junit.jupiter.engine.execution.InvocationInterceptorChain.proceed(InvocationInterceptorChain.java:64)
	at org.junit.jupiter.engine.execution.InvocationInterceptorChain.chainAndInvoke(InvocationInterceptorChain.java:45)
	at org.junit.jupiter.engine.execution.InvocationInterceptorChain.invoke(InvocationInterceptorChain.java:37)
	at org.junit.jupiter.engine.execution.InterceptingExecutableInvoker.invoke(InterceptingExecutableInvoker.java:92)
	at org.junit.jupiter.engine.execution.InterceptingExecutableInvoker.invoke(InterceptingExecutableInvoker.java:86)
	at org.junit.jupiter.engine.descriptor.TestMethodTestDescriptor.lambda$invokeTestMethod$7(TestMethodTestDescriptor.java:218)
	at org.junit.platform.engine.support.hierarchical.ThrowableCollector.execute(ThrowableCollector.java:73)
	at org.junit.jupiter.engine.descriptor.TestMethodTestDescriptor.invokeTestMethod(TestMethodTestDescriptor.java:214)
	at org.junit.jupiter.engine.descriptor.TestMethodTestDescriptor.execute(TestMethodTestDescriptor.java:139)
	at org.junit.jupiter.engine.descriptor.TestMethodTestDescriptor.execute(TestMethodTestDescriptor.java:69)
	at org.junit.platform.engine.support.hierarchical.NodeTestTask.lambda$executeRecursively$6(NodeTestTask.java:151)
	at org.junit.platform.engine.support.hierarchical.ThrowableCollector.execute(ThrowableCollector.java:73)
	at org.junit.platform.engine.support.hierarchical.NodeTestTask.lambda$executeRecursively$8(NodeTestTask.java:141)
	at org.junit.platform.engine.support.hierarchical.Node.around(Node.java:137)
	at org.junit.platform.engine.support.hierarchical.NodeTestTask.lambda$executeRecursively$9(NodeTestTask.java:139)
	at org.junit.platform.engine.support.hierarchical.ThrowableCollector.execute(ThrowableCollector.java:73)
	at org.junit.platform.engine.support.hierarchical.NodeTestTask.executeRecursively(NodeTestTask.java:138)
	at org.junit.platform.engine.support.hierarchical.NodeTestTask.execute(NodeTestTask.java:95)
	at java.base/java.util.ArrayList.forEach(ArrayList.java:1511)
	at org.junit.platform.engine.support.hierarchical.SameThreadHierarchicalTestExecutorService.invokeAll(SameThreadHierarchicalTestExecutorService.java:41)
	at org.junit.platform.engine.support.hierarchical.NodeTestTask.lambda$executeRecursively$6(NodeTestTask.java:155)
	at org.junit.platform.engine.support.hierarchical.ThrowableCollector.execute(ThrowableCollector.java:73)
	at org.junit.platform.engine.support.hierarchical.NodeTestTask.lambda$executeRecursively$8(NodeTestTask.java:141)
	at org.junit.platform.engine.support.hierarchical.Node.around(Node.java:137)
	at org.junit.platform.engine.support.hierarchical.NodeTestTask.lambda$executeRecursively$9(NodeTestTask.java:139)
	at org.junit.platform.engine.support.hierarchical.ThrowableCollector.execute(ThrowableCollector.java:73)
	at org.junit.platform.engine.support.hierarchical.NodeTestTask.executeRecursively(NodeTestTask.java:138)
	at org.junit.platform.engine.support.hierarchical.NodeTestTask.execute(NodeTestTask.java:95)
	at java.base/java.util.ArrayList.forEach(ArrayList.java:1511)
	at org.junit.platform.engine.support.hierarchical.SameThreadHierarchicalTestExecutorService.invokeAll(SameThreadHierarchicalTestExecutorService.java:41)
	at org.junit.platform.engine.support.hierarchical.NodeTestTask.lambda$executeRecursively$6(NodeTestTask.java:155)
	at org.junit.platform.engine.support.hierarchical.ThrowableCollector.execute(ThrowableCollector.java:73)
	at org.junit.platform.engine.support.hierarchical.NodeTestTask.lambda$executeRecursively$8(NodeTestTask.java:141)
	at org.junit.platform.engine.support.hierarchical.Node.around(Node.java:137)
	at org.junit.platform.engine.support.hierarchical.NodeTestTask.lambda$executeRecursively$9(NodeTestTask.java:139)
	at org.junit.platform.engine.support.hierarchical.ThrowableCollector.execute(ThrowableCollector.java:73)
	at org.junit.platform.engine.support.hierarchical.NodeTestTask.executeRecursively(NodeTestTask.java:138)
	at org.junit.platform.engine.support.hierarchical.NodeTestTask.execute(NodeTestTask.java:95)
	at org.junit.platform.engine.support.hierarchical.SameThreadHierarchicalTestExecutorService.submit(SameThreadHierarchicalTestExecutorService.java:35)
	at org.junit.platform.engine.support.hierarchical.HierarchicalTestExecutor.execute(HierarchicalTestExecutor.java:57)
	at org.junit.platform.engine.support.hierarchical.HierarchicalTestEngine.execute(HierarchicalTestEngine.java:54)
	at org.junit.platform.launcher.core.EngineExecutionOrchestrator.execute(EngineExecutionOrchestrator.java:107)
	at org.junit.platform.launcher.core.EngineExecutionOrchestrator.execute(EngineExecutionOrchestrator.java:88)
	at org.junit.platform.launcher.core.EngineExecutionOrchestrator.lambda$execute$0(EngineExecutionOrchestrator.java:54)
	at org.junit.platform.launcher.core.EngineExecutionOrchestrator.withInterceptedStreams(EngineExecutionOrchestrator.java:67)
	at org.junit.platform.launcher.core.EngineExecutionOrchestrator.execute(EngineExecutionOrchestrator.java:52)
	at org.junit.platform.launcher.core.DefaultLauncher.execute(DefaultLauncher.java:114)
	at org.junit.platform.launcher.core.DefaultLauncher.execute(DefaultLauncher.java:86)
	at org.junit.platform.launcher.core.DefaultLauncherSession$DelegatingLauncher.execute(DefaultLauncherSession.java:86)
	at org.junit.platform.launcher.core.SessionPerRequestLauncher.execute(SessionPerRequestLauncher.java:53)
	at org.gradle.api.internal.tasks.testing.junitplatform.JUnitPlatformTestClassProcessor$CollectAllTestClassesExecutor.processAllTestClasses(JUnitPlatformTestClassProcessor.java:99)
	at org.gradle.api.internal.tasks.testing.junitplatform.JUnitPlatformTestClassProcessor$CollectAllTestClassesExecutor.access$000(JUnitPlatformTestClassProcessor.java:79)
	at org.gradle.api.internal.tasks.testing.junitplatform.JUnitPlatformTestClassProcessor.stop(JUnitPlatformTestClassProcessor.java:75)
	at org.gradle.api.internal.tasks.testing.SuiteTestClassProcessor.stop(SuiteTestClassProcessor.java:62)
	at java.base/jdk.internal.reflect.NativeMethodAccessorImpl.invoke0(Native Method)
	at java.base/jdk.internal.reflect.NativeMethodAccessorImpl.invoke(NativeMethodAccessorImpl.java:77)
	at java.base/jdk.internal.reflect.DelegatingMethodAccessorImpl.invoke(DelegatingMethodAccessorImpl.java:43)
	at java.base/java.lang.reflect.Method.invoke(Method.java:568)
	at org.gradle.internal.dispatch.ReflectionDispatch.dispatch(ReflectionDispatch.java:36)
	at org.gradle.internal.dispatch.ReflectionDispatch.dispatch(ReflectionDispatch.java:24)
	at org.gradle.internal.dispatch.ContextClassLoaderDispatch.dispatch(ContextClassLoaderDispatch.java:33)
	at org.gradle.internal.dispatch.ProxyDispatchAdapter$DispatchingInvocationHandler.invoke(ProxyDispatchAdapter.java:94)
	at jdk.proxy1/jdk.proxy1.$Proxy2.stop(Unknown Source)
	at org.gradle.api.internal.tasks.testing.worker.TestWorker$3.run(TestWorker.java:193)
	at org.gradle.api.internal.tasks.testing.worker.TestWorker.executeAndMaintainThreadName(TestWorker.java:129)
	at org.gradle.api.internal.tasks.testing.worker.TestWorker.execute(TestWorker.java:100)
	at org.gradle.api.internal.tasks.testing.worker.TestWorker.execute(TestWorker.java:60)
	at org.gradle.process.internal.worker.child.ActionExecutionWorker.execute(ActionExecutionWorker.java:56)
	at org.gradle.process.internal.worker.child.SystemApplicationClassLoaderWorker.call(SystemApplicationClassLoaderWorker.java:113)
	at org.gradle.process.internal.worker.child.SystemApplicationClassLoaderWorker.call(SystemApplicationClassLoaderWorker.java:65)
	at worker.org.gradle.process.internal.worker.GradleWorkerMain.run(GradleWorkerMain.java:69)
	at worker.org.gradle.process.internal.worker.GradleWorkerMain.main(GradleWorkerMain.java:74)

Mar 25, 2025 11:58:20 PM seedu.internsprint.command.CommandResult <init>
INFO: Multiple feedback provided to user...
Mar 25, 2025 11:58:20 PM seedu.internsprint.command.EditCommand execute
INFO: Entering execute for edit command...
Mar 25, 2025 11:58:20 PM seedu.internsprint.command.EditCommand isValidParameters
INFO: Entering check for parameters in edit command.
Mar 25, 2025 11:58:20 PM seedu.internsprint.command.EditCommand editParametersForFoundInternships
INFO: Editing given parameters...
Mar 25, 2025 11:58:20 PM seedu.internsprint.handler.StorageHandler saveInternships
INFO: Saving Internships to file ...
Mar 25, 2025 11:58:20 PM seedu.internsprint.handler.StorageHandler saveInternships
INFO: Successfully saved 2 Internships to file C:\Users\Nikita\Desktop\cs2113\tp\data\internships.txt
Mar 25, 2025 11:58:20 PM seedu.internsprint.command.EditCommand execute
INFO: Finished processing for exit command
Mar 25, 2025 11:58:20 PM seedu.internsprint.command.CommandResult <init>
INFO: Multiple feedback provided to user...
Mar 25, 2025 11:58:20 PM seedu.internsprint.command.EditCommand isValidParameters
INFO: Entering check for parameters in edit command.
Mar 25, 2025 11:58:20 PM seedu.internsprint.command.EditCommand isValidParameters
INFO: Entering check for parameters in edit command.
Mar 25, 2025 11:58:20 PM seedu.internsprint.command.EditCommand isValidParameters
WARNING: There is no specified index.
Mar 25, 2025 11:58:20 PM seedu.internsprint.command.EditCommand isValidParameters
INFO: Entering check for parameters in edit command.
Mar 25, 2025 11:58:20 PM seedu.internsprint.command.EditCommand isValidParameters
WARNING: There is a flag that is out of specified optional parameters.
Mar 25, 2025 11:58:20 PM seedu.internsprint.command.EditCommand execute
INFO: Entering execute for edit command...
Mar 25, 2025 11:58:20 PM seedu.internsprint.command.EditCommand isValidParameters
INFO: Entering check for parameters in edit command.
Mar 25, 2025 11:58:20 PM seedu.internsprint.command.EditCommand editParametersForFoundInternships
INFO: Editing given parameters...
Mar 25, 2025 11:58:20 PM seedu.internsprint.handler.StorageHandler saveInternships
INFO: Saving Internships to file ...
Mar 25, 2025 11:58:20 PM seedu.internsprint.handler.StorageHandler saveInternships
INFO: Successfully saved 1 Internships to file C:\Users\Nikita\Desktop\cs2113\tp\data\internships.txt
Mar 25, 2025 11:58:20 PM seedu.internsprint.command.EditCommand execute
INFO: Finished processing for exit command
Mar 25, 2025 11:58:20 PM seedu.internsprint.command.CommandResult <init>
INFO: Multiple feedback provided to user...
Mar 25, 2025 11:58:20 PM seedu.internsprint.command.EditCommand execute
INFO: Entering execute for edit command...
Mar 25, 2025 11:58:20 PM seedu.internsprint.command.EditCommand isValidParameters
INFO: Entering check for parameters in edit command.
Mar 25, 2025 11:58:20 PM seedu.internsprint.command.EditCommand editParametersForFoundInternships
INFO: Editing given parameters...
Mar 25, 2025 11:58:20 PM seedu.internsprint.handler.StorageHandler saveInternships
INFO: Saving Internships to file ...
Mar 25, 2025 11:58:20 PM seedu.internsprint.handler.StorageHandler saveInternships
INFO: Successfully saved 1 Internships to file C:\Users\Nikita\Desktop\cs2113\tp\data\internships.txt
Mar 25, 2025 11:58:20 PM seedu.internsprint.command.EditCommand execute
INFO: Finished processing for exit command
Mar 25, 2025 11:58:20 PM seedu.internsprint.command.CommandResult <init>
INFO: Multiple feedback provided to user...
Mar 25, 2025 11:58:20 PM seedu.internsprint.command.EditCommand execute
INFO: Entering execute for edit command...
Mar 25, 2025 11:58:20 PM seedu.internsprint.command.EditCommand isValidParameters
INFO: Entering check for parameters in edit command.
Mar 25, 2025 11:58:20 PM seedu.internsprint.command.EditCommand editParametersForFoundInternships
INFO: Editing given parameters...
Mar 25, 2025 11:58:20 PM seedu.internsprint.handler.StorageHandler saveInternships
INFO: Saving Internships to file ...
Mar 25, 2025 11:58:20 PM seedu.internsprint.handler.StorageHandler saveInternships
INFO: Successfully saved 1 Internships to file C:\Users\Nikita\Desktop\cs2113\tp\data\internships.txt
Mar 25, 2025 11:58:20 PM seedu.internsprint.command.EditCommand execute
INFO: Finished processing for exit command
Mar 25, 2025 11:58:20 PM seedu.internsprint.command.CommandResult <init>
INFO: Multiple feedback provided to user...
Mar 25, 2025 11:58:20 PM seedu.internsprint.command.EditCommand execute
INFO: Entering execute for edit command...
Mar 25, 2025 11:58:20 PM seedu.internsprint.command.EditCommand isValidParameters
INFO: Entering check for parameters in edit command.
Mar 25, 2025 11:58:20 PM seedu.internsprint.command.EditCommand editParametersForFoundInternships
INFO: Editing given parameters...
Mar 25, 2025 11:58:20 PM seedu.internsprint.command.CommandResult <init>
INFO: Multiple feedback provided to user...
Mar 25, 2025 11:58:20 PM seedu.internsprint.command.EditCommand isValidParameters
INFO: Entering check for parameters in edit command.
Mar 25, 2025 11:58:20 PM seedu.internsprint.command.EditCommand isValidParameters
WARNING: There is no specified index.
Mar 25, 2025 11:58:20 PM seedu.internsprint.command.EditCommand execute
INFO: Entering execute for edit command...
Mar 25, 2025 11:58:20 PM seedu.internsprint.command.EditCommand isValidParameters
INFO: Entering check for parameters in edit command.
Mar 25, 2025 11:58:20 PM seedu.internsprint.command.EditCommand editParametersForFoundInternships
INFO: Editing given parameters...
Mar 25, 2025 11:58:20 PM seedu.internsprint.handler.StorageHandler saveInternships
INFO: Saving Internships to file ...
Mar 25, 2025 11:58:20 PM seedu.internsprint.handler.StorageHandler saveInternships
INFO: Successfully saved 1 Internships to file C:\Users\Nikita\Desktop\cs2113\tp\data\internships.txt
Mar 25, 2025 11:58:20 PM seedu.internsprint.command.EditCommand execute
INFO: Finished processing for exit command
Mar 25, 2025 11:58:20 PM seedu.internsprint.command.CommandResult <init>
INFO: Multiple feedback provided to user...
Mar 25, 2025 11:58:20 PM seedu.internsprint.command.EditCommand execute
INFO: Entering execute for edit command...
Mar 25, 2025 11:58:20 PM seedu.internsprint.command.EditCommand isValidParameters
INFO: Entering check for parameters in edit command.
Mar 25, 2025 11:58:20 PM seedu.internsprint.command.EditCommand editParametersForFoundInternships
INFO: Editing given parameters...
Mar 25, 2025 11:58:20 PM seedu.internsprint.command.EditCommand execute
WARNING: Internship not found
Mar 25, 2025 11:58:20 PM seedu.internsprint.command.CommandResult <init>
INFO: One line of feedback provided to user...
Mar 25, 2025 11:58:20 PM seedu.internsprint.command.HelpCommand execute
INFO: Starting Help Command processing
Mar 25, 2025 11:58:20 PM seedu.internsprint.command.HelpCommand execute
INFO: End of Help Command processing
Mar 25, 2025 11:58:20 PM seedu.internsprint.command.CommandResult <init>
INFO: One line of feedback provided to user...
Mar 25, 2025 11:58:20 PM seedu.internsprint.command.HelpCommand execute
INFO: Starting Help Command processing
Mar 25, 2025 11:58:20 PM seedu.internsprint.command.HelpCommand execute
INFO: End of Help Command processing
Mar 25, 2025 11:58:20 PM seedu.internsprint.command.CommandResult <init>
INFO: One line of feedback provided to user...
Mar 25, 2025 11:58:20 PM seedu.internsprint.command.HelpCommand execute
INFO: Starting Help Command processing
Mar 25, 2025 11:58:20 PM seedu.internsprint.command.HelpCommand execute
WARNING: Invalid parameters processing error
Mar 25, 2025 11:58:20 PM seedu.internsprint.command.CommandResult <init>
INFO: One line of feedback provided to user...
Mar 25, 2025 11:58:20 PM seedu.internsprint.command.ListCommand isValidParameters
INFO: Entering into the check for parameters in list command
Mar 25, 2025 11:58:20 PM seedu.internsprint.command.ListCommand execute
INFO: Executing list command
Mar 25, 2025 11:58:20 PM seedu.internsprint.command.ListCommand execute
INFO: Internships listed successfully
Mar 25, 2025 11:58:20 PM seedu.internsprint.command.CommandResult <init>
INFO: Multiple feedback provided to user...
Mar 25, 2025 11:58:20 PM seedu.internsprint.command.ListCommand isValidParameters
INFO: Entering into the check for parameters in list command
Mar 26, 2025 12:01:15 AM seedu.internsprint.InternSprint run
INFO: Starting InternSprint
Mar 26, 2025 12:01:15 AM seedu.internsprint.InternSprint runCommandLoopUntilExitCommand
INFO: Loading internships from storage
Mar 26, 2025 12:01:15 AM seedu.internsprint.handler.StorageHandler loadInternships
INFO: Beginning process to load internships from file ...
Mar 26, 2025 12:01:15 AM seedu.internsprint.handler.StorageHandler loadInternships
INFO: Successfully extracted internships as JSON objects from file
Mar 26, 2025 12:01:15 AM seedu.internsprint.handler.StorageHandler loadInternships
INFO: Successfully added internships from file to internship list in app
Mar 26, 2025 12:01:15 AM seedu.internsprint.command.CommandResult <init>
INFO: One line of feedback provided to user...
Mar 26, 2025 12:01:15 AM seedu.internsprint.InternSprint runCommandLoopUntilExitCommand
INFO: Internships loaded successfully
Mar 26, 2025 12:01:21 AM seedu.internsprint.InternSprint runCommandLoopUntilExitCommand
INFO: User command: view
Mar 26, 2025 12:01:21 AM seedu.internsprint.handler.CommandParser parseCommand
INFO: User command inside parseCommand: view
Mar 26, 2025 12:01:21 AM seedu.internsprint.InternSprint runCommandLoopUntilExitCommand
INFO: Parsed Command: seedu.internsprint.command.ViewUserCommand@722c41f4
Mar 26, 2025 12:01:21 AM seedu.internsprint.command.CommandResult <init>
INFO: Multiple feedback provided to user...
Mar 26, 2025 12:01:21 AM seedu.internsprint.InternSprint runCommandLoopUntilExitCommand
INFO: Command executed successfully
Mar 26, 2025 12:01:26 AM seedu.internsprint.InternSprint runCommandLoopUntilExitCommand
INFO: User command: my /name niki
Mar 26, 2025 12:01:26 AM seedu.internsprint.handler.CommandParser parseCommand
INFO: User command inside parseCommand: my /name niki
Mar 26, 2025 12:01:26 AM seedu.internsprint.InternSprint runCommandLoopUntilExitCommand
INFO: Parsed Command: seedu.internsprint.command.UserProfileCommand@32a1bec0
Mar 26, 2025 12:01:26 AM seedu.internsprint.command.CommandResult <init>
INFO: Multiple feedback provided to user...
Mar 26, 2025 12:01:26 AM seedu.internsprint.InternSprint runCommandLoopUntilExitCommand
INFO: Command executed successfully
Mar 26, 2025 12:01:28 AM seedu.internsprint.InternSprint runCommandLoopUntilExitCommand
INFO: User command: bye
Mar 26, 2025 12:01:28 AM seedu.internsprint.handler.CommandParser parseCommand
INFO: User command inside parseCommand: bye
Mar 26, 2025 12:01:28 AM seedu.internsprint.InternSprint runCommandLoopUntilExitCommand
INFO: Parsed Command: seedu.internsprint.command.ByeCommand@78e03bb5
Mar 26, 2025 12:01:28 AM seedu.internsprint.handler.StorageHandler saveInternships
INFO: Saving Internships to file ...
Mar 26, 2025 12:01:28 AM seedu.internsprint.handler.StorageHandler saveInternships
INFO: Successfully saved 1 Internships to file C:\Users\Nikita\Desktop\cs2113\tp\data\internships.txt
Mar 26, 2025 12:01:28 AM seedu.internsprint.command.CommandResult <init>
INFO: Multiple feedback provided to user...
Mar 26, 2025 12:01:28 AM seedu.internsprint.InternSprint runCommandLoopUntilExitCommand
INFO: Command executed successfully
Mar 26, 2025 12:01:28 AM seedu.internsprint.InternSprint exit
INFO: Exiting InternSprint
Mar 26, 2025 12:04:57 AM seedu.internsprint.command.AddCommand execute
INFO: Executing add command
Mar 26, 2025 12:04:57 AM seedu.internsprint.command.AddSoftwareCommand createInternship
INFO: Creating Software Internship
Mar 26, 2025 12:04:57 AM seedu.internsprint.command.CommandResult <init>
INFO: One line of feedback provided to user...
Mar 26, 2025 12:04:57 AM seedu.internsprint.command.AddGeneralCommand createInternship
INFO: Creating General Internship
Mar 26, 2025 12:04:57 AM seedu.internsprint.command.AddGeneralCommand createInternship
INFO: Creating General Internship
Mar 26, 2025 12:04:57 AM seedu.internsprint.command.AddGeneralCommand createInternship
INFO: Creating General Internship
Mar 26, 2025 12:04:57 AM seedu.internsprint.command.AddGeneralCommand createInternship
INFO: Creating General Internship
Mar 26, 2025 12:04:57 AM seedu.internsprint.command.AddGeneralCommand createInternship
INFO: Creating General Internship
Mar 26, 2025 12:04:57 AM seedu.internsprint.command.AddGeneralCommand createInternship
INFO: Creating General Internship
Mar 26, 2025 12:04:57 AM seedu.internsprint.command.AddGeneralCommand createInternship
INFO: Creating General Internship
Mar 26, 2025 12:04:57 AM seedu.internsprint.command.AddGeneralCommand createInternship
INFO: Creating General Internship
Mar 26, 2025 12:04:57 AM seedu.internsprint.command.AddGeneralCommand createInternship
INFO: Creating General Internship
Mar 26, 2025 12:04:57 AM seedu.internsprint.command.AddGeneralCommand createInternship
INFO: Creating General Internship
Mar 26, 2025 12:04:57 AM seedu.internsprint.command.AddGeneralCommand createInternship
INFO: Creating General Internship
Mar 26, 2025 12:04:57 AM seedu.internsprint.command.AddGeneralCommand createInternship
INFO: Creating General Internship
Mar 26, 2025 12:04:57 AM seedu.internsprint.command.AddGeneralCommand createInternship
INFO: Creating General Internship
Mar 26, 2025 12:04:57 AM seedu.internsprint.command.AddHardwareCommand createInternship
INFO: Creating Hardware Internship
Mar 26, 2025 12:04:57 AM seedu.internsprint.command.AddHardwareCommand createInternship
INFO: Creating Hardware Internship
Mar 26, 2025 12:04:57 AM seedu.internsprint.command.AddHardwareCommand createInternship
INFO: Creating Hardware Internship
Mar 26, 2025 12:04:57 AM seedu.internsprint.command.AddHardwareCommand createInternship
INFO: Creating Hardware Internship
Mar 26, 2025 12:04:57 AM seedu.internsprint.command.AddHardwareCommand createInternship
INFO: Creating Hardware Internship
Mar 26, 2025 12:04:57 AM seedu.internsprint.command.AddSoftwareCommand createInternship
INFO: Creating Software Internship
Mar 26, 2025 12:04:57 AM seedu.internsprint.command.AddSoftwareCommand createInternship
INFO: Creating Software Internship
Mar 26, 2025 12:04:57 AM seedu.internsprint.command.AddSoftwareCommand createInternship
INFO: Creating Software Internship
Mar 26, 2025 12:04:57 AM seedu.internsprint.command.AddSoftwareCommand createInternship
INFO: Creating Software Internship
Mar 26, 2025 12:04:57 AM seedu.internsprint.command.AddSoftwareCommand createInternship
INFO: Creating Software Internship
Mar 26, 2025 12:04:57 AM seedu.internsprint.command.DeleteCommand execute
INFO: Starting Delete Command processing
Mar 26, 2025 12:04:57 AM seedu.internsprint.command.DeleteCommand execute
INFO: Parameters in DeleteCommand: {}
Mar 26, 2025 12:04:57 AM seedu.internsprint.command.CommandResult <init>
INFO: Multiple feedback provided to user...
Mar 26, 2025 12:04:57 AM seedu.internsprint.command.DeleteCommand execute
WARNING: Missing index processing error
Mar 26, 2025 12:04:57 AM seedu.internsprint.command.DeleteCommand execute
INFO: Starting Delete Command processing
Mar 26, 2025 12:04:57 AM seedu.internsprint.command.DeleteCommand execute
INFO: Parameters in DeleteCommand: {/index=-1}
Mar 26, 2025 12:04:57 AM seedu.internsprint.command.CommandResult <init>
INFO: Multiple feedback provided to user...
Mar 26, 2025 12:04:57 AM seedu.internsprint.command.DeleteCommand execute
WARNING: Invalid index processing error
Mar 26, 2025 12:04:57 AM seedu.internsprint.command.AddCommand execute
INFO: Executing add command
Mar 26, 2025 12:04:57 AM seedu.internsprint.command.AddCommand execute
WARNING: Invalid parameters entered
Mar 26, 2025 12:04:57 AM seedu.internsprint.command.CommandResult <init>
INFO: One line of feedback provided to user...
Mar 26, 2025 12:04:57 AM seedu.internsprint.command.AddCommand execute
INFO: Executing add command
Mar 26, 2025 12:04:57 AM seedu.internsprint.command.AddCommand execute
WARNING: Invalid parameters entered
Mar 26, 2025 12:04:57 AM seedu.internsprint.command.CommandResult <init>
INFO: One line of feedback provided to user...
Mar 26, 2025 12:04:57 AM seedu.internsprint.command.DeleteCommand execute
INFO: Starting Delete Command processing
Mar 26, 2025 12:04:57 AM seedu.internsprint.command.DeleteCommand execute
INFO: Parameters in DeleteCommand: {/index=3}
Mar 26, 2025 12:04:57 AM seedu.internsprint.command.CommandResult <init>
INFO: Multiple feedback provided to user...
Mar 26, 2025 12:04:57 AM seedu.internsprint.command.DeleteCommand execute
WARNING: Invalid index processing error
Mar 26, 2025 12:04:57 AM seedu.internsprint.command.DescriptionCommand isValidParameters
INFO: Entering check for parameters in description command.
Mar 26, 2025 12:04:57 AM seedu.internsprint.command.DescriptionCommand execute
INFO: Executing description command.
Mar 26, 2025 12:04:57 AM seedu.internsprint.command.DescriptionCommand isValidParameters
INFO: Entering check for parameters in description command.
Mar 26, 2025 12:04:57 AM seedu.internsprint.command.DescriptionCommand execute
INFO: Description of internship successfully shown to user
Mar 26, 2025 12:04:57 AM seedu.internsprint.command.CommandResult <init>
INFO: Multiple feedback provided to user...
Mar 26, 2025 12:04:57 AM seedu.internsprint.command.DescriptionCommand execute
INFO: Executing description command.
Mar 26, 2025 12:04:57 AM seedu.internsprint.command.DescriptionCommand isValidParameters
INFO: Entering check for parameters in description command.
Mar 26, 2025 12:04:57 AM seedu.internsprint.command.DescriptionCommand execute
WARNING: Index for description command is out of range.
java.lang.IllegalArgumentException: Invalid index range: Please enter a valid index within the list.
	at seedu.internsprint.handler.CommandParser.validateIndex(CommandParser.java:190)
	at seedu.internsprint.command.DescriptionCommand.execute(DescriptionCommand.java:75)
	at seedu.internsprint.command.DescriptionCommandTest.isValidParameters_provideInvalidIndex_returnsFalse(DescriptionCommandTest.java:30)
	at java.base/jdk.internal.reflect.NativeMethodAccessorImpl.invoke0(Native Method)
	at java.base/jdk.internal.reflect.NativeMethodAccessorImpl.invoke(NativeMethodAccessorImpl.java:77)
	at java.base/jdk.internal.reflect.DelegatingMethodAccessorImpl.invoke(DelegatingMethodAccessorImpl.java:43)
	at java.base/java.lang.reflect.Method.invoke(Method.java:568)
	at org.junit.platform.commons.util.ReflectionUtils.invokeMethod(ReflectionUtils.java:728)
	at org.junit.jupiter.engine.execution.MethodInvocation.proceed(MethodInvocation.java:60)
	at org.junit.jupiter.engine.execution.InvocationInterceptorChain$ValidatingInvocation.proceed(InvocationInterceptorChain.java:131)
	at org.junit.jupiter.engine.extension.TimeoutExtension.intercept(TimeoutExtension.java:156)
	at org.junit.jupiter.engine.extension.TimeoutExtension.interceptTestableMethod(TimeoutExtension.java:147)
	at org.junit.jupiter.engine.extension.TimeoutExtension.interceptTestMethod(TimeoutExtension.java:86)
	at org.junit.jupiter.engine.execution.InterceptingExecutableInvoker$ReflectiveInterceptorCall.lambda$ofVoidMethod$0(InterceptingExecutableInvoker.java:103)
	at org.junit.jupiter.engine.execution.InterceptingExecutableInvoker.lambda$invoke$0(InterceptingExecutableInvoker.java:93)
	at org.junit.jupiter.engine.execution.InvocationInterceptorChain$InterceptedInvocation.proceed(InvocationInterceptorChain.java:106)
	at org.junit.jupiter.engine.execution.InvocationInterceptorChain.proceed(InvocationInterceptorChain.java:64)
	at org.junit.jupiter.engine.execution.InvocationInterceptorChain.chainAndInvoke(InvocationInterceptorChain.java:45)
	at org.junit.jupiter.engine.execution.InvocationInterceptorChain.invoke(InvocationInterceptorChain.java:37)
	at org.junit.jupiter.engine.execution.InterceptingExecutableInvoker.invoke(InterceptingExecutableInvoker.java:92)
	at org.junit.jupiter.engine.execution.InterceptingExecutableInvoker.invoke(InterceptingExecutableInvoker.java:86)
	at org.junit.jupiter.engine.descriptor.TestMethodTestDescriptor.lambda$invokeTestMethod$7(TestMethodTestDescriptor.java:218)
	at org.junit.platform.engine.support.hierarchical.ThrowableCollector.execute(ThrowableCollector.java:73)
	at org.junit.jupiter.engine.descriptor.TestMethodTestDescriptor.invokeTestMethod(TestMethodTestDescriptor.java:214)
	at org.junit.jupiter.engine.descriptor.TestMethodTestDescriptor.execute(TestMethodTestDescriptor.java:139)
	at org.junit.jupiter.engine.descriptor.TestMethodTestDescriptor.execute(TestMethodTestDescriptor.java:69)
	at org.junit.platform.engine.support.hierarchical.NodeTestTask.lambda$executeRecursively$6(NodeTestTask.java:151)
	at org.junit.platform.engine.support.hierarchical.ThrowableCollector.execute(ThrowableCollector.java:73)
	at org.junit.platform.engine.support.hierarchical.NodeTestTask.lambda$executeRecursively$8(NodeTestTask.java:141)
	at org.junit.platform.engine.support.hierarchical.Node.around(Node.java:137)
	at org.junit.platform.engine.support.hierarchical.NodeTestTask.lambda$executeRecursively$9(NodeTestTask.java:139)
	at org.junit.platform.engine.support.hierarchical.ThrowableCollector.execute(ThrowableCollector.java:73)
	at org.junit.platform.engine.support.hierarchical.NodeTestTask.executeRecursively(NodeTestTask.java:138)
	at org.junit.platform.engine.support.hierarchical.NodeTestTask.execute(NodeTestTask.java:95)
	at java.base/java.util.ArrayList.forEach(ArrayList.java:1511)
	at org.junit.platform.engine.support.hierarchical.SameThreadHierarchicalTestExecutorService.invokeAll(SameThreadHierarchicalTestExecutorService.java:41)
	at org.junit.platform.engine.support.hierarchical.NodeTestTask.lambda$executeRecursively$6(NodeTestTask.java:155)
	at org.junit.platform.engine.support.hierarchical.ThrowableCollector.execute(ThrowableCollector.java:73)
	at org.junit.platform.engine.support.hierarchical.NodeTestTask.lambda$executeRecursively$8(NodeTestTask.java:141)
	at org.junit.platform.engine.support.hierarchical.Node.around(Node.java:137)
	at org.junit.platform.engine.support.hierarchical.NodeTestTask.lambda$executeRecursively$9(NodeTestTask.java:139)
	at org.junit.platform.engine.support.hierarchical.ThrowableCollector.execute(ThrowableCollector.java:73)
	at org.junit.platform.engine.support.hierarchical.NodeTestTask.executeRecursively(NodeTestTask.java:138)
	at org.junit.platform.engine.support.hierarchical.NodeTestTask.execute(NodeTestTask.java:95)
	at java.base/java.util.ArrayList.forEach(ArrayList.java:1511)
	at org.junit.platform.engine.support.hierarchical.SameThreadHierarchicalTestExecutorService.invokeAll(SameThreadHierarchicalTestExecutorService.java:41)
	at org.junit.platform.engine.support.hierarchical.NodeTestTask.lambda$executeRecursively$6(NodeTestTask.java:155)
	at org.junit.platform.engine.support.hierarchical.ThrowableCollector.execute(ThrowableCollector.java:73)
	at org.junit.platform.engine.support.hierarchical.NodeTestTask.lambda$executeRecursively$8(NodeTestTask.java:141)
	at org.junit.platform.engine.support.hierarchical.Node.around(Node.java:137)
	at org.junit.platform.engine.support.hierarchical.NodeTestTask.lambda$executeRecursively$9(NodeTestTask.java:139)
	at org.junit.platform.engine.support.hierarchical.ThrowableCollector.execute(ThrowableCollector.java:73)
	at org.junit.platform.engine.support.hierarchical.NodeTestTask.executeRecursively(NodeTestTask.java:138)
	at org.junit.platform.engine.support.hierarchical.NodeTestTask.execute(NodeTestTask.java:95)
	at org.junit.platform.engine.support.hierarchical.SameThreadHierarchicalTestExecutorService.submit(SameThreadHierarchicalTestExecutorService.java:35)
	at org.junit.platform.engine.support.hierarchical.HierarchicalTestExecutor.execute(HierarchicalTestExecutor.java:57)
	at org.junit.platform.engine.support.hierarchical.HierarchicalTestEngine.execute(HierarchicalTestEngine.java:54)
	at org.junit.platform.launcher.core.EngineExecutionOrchestrator.execute(EngineExecutionOrchestrator.java:107)
	at org.junit.platform.launcher.core.EngineExecutionOrchestrator.execute(EngineExecutionOrchestrator.java:88)
	at org.junit.platform.launcher.core.EngineExecutionOrchestrator.lambda$execute$0(EngineExecutionOrchestrator.java:54)
	at org.junit.platform.launcher.core.EngineExecutionOrchestrator.withInterceptedStreams(EngineExecutionOrchestrator.java:67)
	at org.junit.platform.launcher.core.EngineExecutionOrchestrator.execute(EngineExecutionOrchestrator.java:52)
	at org.junit.platform.launcher.core.DefaultLauncher.execute(DefaultLauncher.java:114)
	at org.junit.platform.launcher.core.DefaultLauncher.execute(DefaultLauncher.java:86)
	at org.junit.platform.launcher.core.DefaultLauncherSession$DelegatingLauncher.execute(DefaultLauncherSession.java:86)
	at org.junit.platform.launcher.core.SessionPerRequestLauncher.execute(SessionPerRequestLauncher.java:53)
	at org.gradle.api.internal.tasks.testing.junitplatform.JUnitPlatformTestClassProcessor$CollectAllTestClassesExecutor.processAllTestClasses(JUnitPlatformTestClassProcessor.java:99)
	at org.gradle.api.internal.tasks.testing.junitplatform.JUnitPlatformTestClassProcessor$CollectAllTestClassesExecutor.access$000(JUnitPlatformTestClassProcessor.java:79)
	at org.gradle.api.internal.tasks.testing.junitplatform.JUnitPlatformTestClassProcessor.stop(JUnitPlatformTestClassProcessor.java:75)
	at org.gradle.api.internal.tasks.testing.SuiteTestClassProcessor.stop(SuiteTestClassProcessor.java:62)
	at java.base/jdk.internal.reflect.NativeMethodAccessorImpl.invoke0(Native Method)
	at java.base/jdk.internal.reflect.NativeMethodAccessorImpl.invoke(NativeMethodAccessorImpl.java:77)
	at java.base/jdk.internal.reflect.DelegatingMethodAccessorImpl.invoke(DelegatingMethodAccessorImpl.java:43)
	at java.base/java.lang.reflect.Method.invoke(Method.java:568)
	at org.gradle.internal.dispatch.ReflectionDispatch.dispatch(ReflectionDispatch.java:36)
	at org.gradle.internal.dispatch.ReflectionDispatch.dispatch(ReflectionDispatch.java:24)
	at org.gradle.internal.dispatch.ContextClassLoaderDispatch.dispatch(ContextClassLoaderDispatch.java:33)
	at org.gradle.internal.dispatch.ProxyDispatchAdapter$DispatchingInvocationHandler.invoke(ProxyDispatchAdapter.java:94)
	at jdk.proxy1/jdk.proxy1.$Proxy2.stop(Unknown Source)
	at org.gradle.api.internal.tasks.testing.worker.TestWorker$3.run(TestWorker.java:193)
	at org.gradle.api.internal.tasks.testing.worker.TestWorker.executeAndMaintainThreadName(TestWorker.java:129)
	at org.gradle.api.internal.tasks.testing.worker.TestWorker.execute(TestWorker.java:100)
	at org.gradle.api.internal.tasks.testing.worker.TestWorker.execute(TestWorker.java:60)
	at org.gradle.process.internal.worker.child.ActionExecutionWorker.execute(ActionExecutionWorker.java:56)
	at org.gradle.process.internal.worker.child.SystemApplicationClassLoaderWorker.call(SystemApplicationClassLoaderWorker.java:113)
	at org.gradle.process.internal.worker.child.SystemApplicationClassLoaderWorker.call(SystemApplicationClassLoaderWorker.java:65)
	at worker.org.gradle.process.internal.worker.GradleWorkerMain.run(GradleWorkerMain.java:69)
	at worker.org.gradle.process.internal.worker.GradleWorkerMain.main(GradleWorkerMain.java:74)

Mar 26, 2025 12:04:57 AM seedu.internsprint.command.CommandResult <init>
INFO: Multiple feedback provided to user...
Mar 26, 2025 12:04:57 AM seedu.internsprint.command.EditCommand execute
INFO: Entering execute for edit command...
Mar 26, 2025 12:04:57 AM seedu.internsprint.command.EditCommand isValidParameters
INFO: Entering check for parameters in edit command.
Mar 26, 2025 12:04:57 AM seedu.internsprint.command.EditCommand editParametersForFoundInternships
INFO: Editing given parameters...
Mar 26, 2025 12:04:57 AM seedu.internsprint.handler.StorageHandler saveInternships
INFO: Saving Internships to file ...
Mar 26, 2025 12:04:57 AM seedu.internsprint.handler.StorageHandler saveInternships
INFO: Successfully saved 2 Internships to file C:\Users\Nikita\Desktop\cs2113\tp\data\internships.txt
Mar 26, 2025 12:04:57 AM seedu.internsprint.command.EditCommand execute
INFO: Finished processing for exit command
Mar 26, 2025 12:04:57 AM seedu.internsprint.command.CommandResult <init>
INFO: Multiple feedback provided to user...
Mar 26, 2025 12:04:57 AM seedu.internsprint.command.EditCommand isValidParameters
INFO: Entering check for parameters in edit command.
Mar 26, 2025 12:04:57 AM seedu.internsprint.command.EditCommand isValidParameters
INFO: Entering check for parameters in edit command.
Mar 26, 2025 12:04:57 AM seedu.internsprint.command.EditCommand isValidParameters
WARNING: There is no specified index.
Mar 26, 2025 12:04:57 AM seedu.internsprint.command.EditCommand isValidParameters
INFO: Entering check for parameters in edit command.
Mar 26, 2025 12:04:57 AM seedu.internsprint.command.EditCommand isValidParameters
WARNING: There is a flag that is out of specified optional parameters.
Mar 26, 2025 12:04:57 AM seedu.internsprint.command.EditCommand execute
INFO: Entering execute for edit command...
Mar 26, 2025 12:04:57 AM seedu.internsprint.command.EditCommand isValidParameters
INFO: Entering check for parameters in edit command.
Mar 26, 2025 12:04:57 AM seedu.internsprint.command.EditCommand editParametersForFoundInternships
INFO: Editing given parameters...
Mar 26, 2025 12:04:57 AM seedu.internsprint.handler.StorageHandler saveInternships
INFO: Saving Internships to file ...
Mar 26, 2025 12:04:57 AM seedu.internsprint.handler.StorageHandler saveInternships
INFO: Successfully saved 1 Internships to file C:\Users\Nikita\Desktop\cs2113\tp\data\internships.txt
Mar 26, 2025 12:04:57 AM seedu.internsprint.command.EditCommand execute
INFO: Finished processing for exit command
Mar 26, 2025 12:04:57 AM seedu.internsprint.command.CommandResult <init>
INFO: Multiple feedback provided to user...
Mar 26, 2025 12:04:57 AM seedu.internsprint.command.EditCommand execute
INFO: Entering execute for edit command...
Mar 26, 2025 12:04:57 AM seedu.internsprint.command.EditCommand isValidParameters
INFO: Entering check for parameters in edit command.
Mar 26, 2025 12:04:57 AM seedu.internsprint.command.EditCommand editParametersForFoundInternships
INFO: Editing given parameters...
Mar 26, 2025 12:04:57 AM seedu.internsprint.handler.StorageHandler saveInternships
INFO: Saving Internships to file ...
Mar 26, 2025 12:04:57 AM seedu.internsprint.handler.StorageHandler saveInternships
INFO: Successfully saved 1 Internships to file C:\Users\Nikita\Desktop\cs2113\tp\data\internships.txt
Mar 26, 2025 12:04:57 AM seedu.internsprint.command.EditCommand execute
INFO: Finished processing for exit command
Mar 26, 2025 12:04:57 AM seedu.internsprint.command.CommandResult <init>
INFO: Multiple feedback provided to user...
Mar 26, 2025 12:04:57 AM seedu.internsprint.command.EditCommand execute
INFO: Entering execute for edit command...
Mar 26, 2025 12:04:57 AM seedu.internsprint.command.EditCommand isValidParameters
INFO: Entering check for parameters in edit command.
Mar 26, 2025 12:04:57 AM seedu.internsprint.command.EditCommand editParametersForFoundInternships
INFO: Editing given parameters...
Mar 26, 2025 12:04:57 AM seedu.internsprint.handler.StorageHandler saveInternships
INFO: Saving Internships to file ...
Mar 26, 2025 12:04:57 AM seedu.internsprint.handler.StorageHandler saveInternships
INFO: Successfully saved 1 Internships to file C:\Users\Nikita\Desktop\cs2113\tp\data\internships.txt
Mar 26, 2025 12:04:57 AM seedu.internsprint.command.EditCommand execute
INFO: Finished processing for exit command
Mar 26, 2025 12:04:57 AM seedu.internsprint.command.CommandResult <init>
INFO: Multiple feedback provided to user...
Mar 26, 2025 12:04:57 AM seedu.internsprint.command.EditCommand execute
INFO: Entering execute for edit command...
Mar 26, 2025 12:04:57 AM seedu.internsprint.command.EditCommand isValidParameters
INFO: Entering check for parameters in edit command.
Mar 26, 2025 12:04:57 AM seedu.internsprint.command.EditCommand editParametersForFoundInternships
INFO: Editing given parameters...
Mar 26, 2025 12:04:57 AM seedu.internsprint.command.CommandResult <init>
INFO: Multiple feedback provided to user...
Mar 26, 2025 12:04:57 AM seedu.internsprint.command.EditCommand isValidParameters
INFO: Entering check for parameters in edit command.
Mar 26, 2025 12:04:57 AM seedu.internsprint.command.EditCommand isValidParameters
WARNING: There is no specified index.
Mar 26, 2025 12:04:57 AM seedu.internsprint.command.EditCommand execute
INFO: Entering execute for edit command...
Mar 26, 2025 12:04:57 AM seedu.internsprint.command.EditCommand isValidParameters
INFO: Entering check for parameters in edit command.
Mar 26, 2025 12:04:57 AM seedu.internsprint.command.EditCommand editParametersForFoundInternships
INFO: Editing given parameters...
Mar 26, 2025 12:04:57 AM seedu.internsprint.handler.StorageHandler saveInternships
INFO: Saving Internships to file ...
Mar 26, 2025 12:04:57 AM seedu.internsprint.handler.StorageHandler saveInternships
INFO: Successfully saved 1 Internships to file C:\Users\Nikita\Desktop\cs2113\tp\data\internships.txt
Mar 26, 2025 12:04:57 AM seedu.internsprint.command.EditCommand execute
INFO: Finished processing for exit command
Mar 26, 2025 12:04:57 AM seedu.internsprint.command.CommandResult <init>
INFO: Multiple feedback provided to user...
Mar 26, 2025 12:04:57 AM seedu.internsprint.command.EditCommand execute
INFO: Entering execute for edit command...
Mar 26, 2025 12:04:57 AM seedu.internsprint.command.EditCommand isValidParameters
INFO: Entering check for parameters in edit command.
Mar 26, 2025 12:04:57 AM seedu.internsprint.command.EditCommand editParametersForFoundInternships
INFO: Editing given parameters...
Mar 26, 2025 12:04:57 AM seedu.internsprint.command.EditCommand execute
WARNING: Internship not found
Mar 26, 2025 12:04:57 AM seedu.internsprint.command.CommandResult <init>
INFO: One line of feedback provided to user...
Mar 26, 2025 12:04:58 AM seedu.internsprint.command.HelpCommand execute
INFO: Starting Help Command processing
Mar 26, 2025 12:04:58 AM seedu.internsprint.command.HelpCommand execute
INFO: End of Help Command processing
Mar 26, 2025 12:04:58 AM seedu.internsprint.command.CommandResult <init>
INFO: One line of feedback provided to user...
Mar 26, 2025 12:04:58 AM seedu.internsprint.command.HelpCommand execute
INFO: Starting Help Command processing
Mar 26, 2025 12:04:58 AM seedu.internsprint.command.HelpCommand execute
INFO: End of Help Command processing
Mar 26, 2025 12:04:58 AM seedu.internsprint.command.CommandResult <init>
INFO: One line of feedback provided to user...
Mar 26, 2025 12:04:58 AM seedu.internsprint.command.HelpCommand execute
INFO: Starting Help Command processing
Mar 26, 2025 12:04:58 AM seedu.internsprint.command.HelpCommand execute
WARNING: Invalid parameters processing error
Mar 26, 2025 12:04:58 AM seedu.internsprint.command.CommandResult <init>
INFO: One line of feedback provided to user...
Mar 26, 2025 12:04:58 AM seedu.internsprint.command.ListCommand isValidParameters
INFO: Entering into the check for parameters in list command
Mar 26, 2025 12:04:58 AM seedu.internsprint.command.ListCommand execute
INFO: Executing list command
Mar 26, 2025 12:04:58 AM seedu.internsprint.command.ListCommand execute
INFO: Internships listed successfully
Mar 26, 2025 12:04:58 AM seedu.internsprint.command.CommandResult <init>
INFO: Multiple feedback provided to user...
Mar 26, 2025 12:04:58 AM seedu.internsprint.command.ListCommand isValidParameters
INFO: Entering into the check for parameters in list command
